0
0
0
0
0
0
0
0
0
0
0
0
0
0
0
0
0
0
0
0
0
0
0
0
0
0
0
0
0
0
0
0
0
0
0
0
0
0
0
0
0
0
0
0
0
0
0
0
0
0
0
0
0
0
0
0
0
0
0
0
0
0
0
0
0
0
0
0
0
0
0
0
0
0
0
0
0
0
0
0
0
0
0
0
0
0
0
0
0
0
0
0
0
0
0
0
0
0
0
0
0
0
0
0
0
0
0
0
0
0
0
0
0
0
0
0
0
0
0
0
0
0
0
0
0
4750
4752
4754
4756
4758
4760
4762
4764
4766
4768
4770
4772
4774
4776
4778
4780
4782
4784
4786
4788
4790
4792
4794
4796
4798
4800
4802
4804
4806
4808
4810
4812
4814
4816
4818
4820
4822
4824
4826
4828
4830
4832
4834
4836
4838
4840
4842
4844
4846
4848
4850
4852
4854
4856
4858
4860
4862
4864
4866
4868
4870
4872
4874
4876
4878
4880
4882
4884
4886
4888
4890
4892
4894
4896
4898
4900
4902
4904
4906
4908
4910
4912
4914
4916
4918
4920
4922
4924
4926
4928
4930
4932
4934
4936
4938
4940
4942
4944
4946
4948
4950
4952
4954
4956
4958
4960
4962
4964
4966
4968
4970
4972
4974
4976
4978
4980
4982
4984
4986
4988
4990
4992
4994
4996
4998
0
0
0
0
0
0
0
0
0
0
0
0
0
0
0
0
0
0
0
0
0
0
0
0
0
0
0
0
0
0
0
0
0
0
0
0
0
0
0
0
0
0
0
0
0
0
0
0
0
0
0
0
0
0
0
0
0
0
0
0
0
0
0
0
0
0
0
0
0
0
0
0
0
0
0
0
0
0
0
0
0
0
0
0
0
0
0
0
0
0
0
0
0
0
0
0
0
0
0
0
0
0
0
0
0
0
0
0
0
0
0
0
0
0
0
0
0
0
0
0
0
0
0
0
0
-2
-2
-2
-2
-2
-2
-2
-2
-2
-2
-2
-2
-2
-2
-2
-2
-2
-2
-2
-2
-2
-2
-2
-2
-2
-2
-2
-2
-2
-2
-2
-2
-2
-2
-2
-2
-2
-2
-2
-2
-2
-2
-2
-2
-2
-2
-2
-2
-2
-2
-2
-2
-2
-2
-2
-2
-2
-2
-2
-2
-2
-2
-2
-2
-2
-2
-2
-2
-2
-2
-2
-2
-2
-2
-2
-2
-2
-2
-2
-2
-2
-2
-2
-2
-2
-2
-2
-2
-2
-2
-2
-2
-2
-2
-2
-2
-2
-2
-2
-2
-2
-2
-2
-2
-2
-2
-2
-2
-2
-2
-2
-2
-2
-2
-2
-2
-2
-2
-2
-2
-2
-2
-2
-2
-2





























































































































4751
4753
4755
4757
4759
4761
4763
4765
4767
4769
4771
4773
4775
4777
4779
4781
4783
4785
4787
4789
4791
4793
4795
4797
4799
4801
4803
4805
4807
4809
4811
4813
4815
4817
4819
4821
4823
4825
4827
4829
4831
4833
4835
4837
4839
4841
4843
4845
4847
4849
4851
4853
4855
4857
4859
4861
4863
4865
4867
4869
4871
4873
4875
4877
4879
4881
4883
4885
4887
4889
4891
4893
4895
4897
4899
4901
4903
4905
4907
4909
4911
4913
4915
4917
4919
4921
4923
4925
4927
4929
4931
4933
4935
4937
4939
4941
4943
4945
4947
4949
4951
4953
4955
4957
4959
4961
4963
4965
4967
4969
4971
4973
4975
4977
4979
4981
4983
4985
4987
4989
4991
4993
4995
4997
4999
1
1
1
1
1
1
1
1
1
1
1
1
1
1
1
1
1
1
1
1
1
1
1
1
1
1
1
1
1
1
1
1
1
1
1
1
1
1
1
1
1
1
1
1
1
1
1
1
1
1
1
1
1
1
1
1
1
1
1
1
1
1
1
1
1
1
1
1
1
1
1
1
1
1
1
1
1
1
1
1
1
1
1
1
1
1
1
1
1
1
1
1
1
1
1
1
1
1
1
1
1
1
1
1
1
1
1
1
1
1
1
1
1
1
1
1
1
1
1
1
1
1
1
1
1
1
1
1
1
1
1
1
1
1
1
1
1
1
1
1
1
1
1
1
1
1
1
1
1
1
1
1
1
1
1
1
1
1
1
1
1
1
1
1
1
1
1
1
1
1
1
1
1
1
1
1
1
1
1
1
1
1
1
1
1
1
1
1
1
1
1
1
1
1
1
1
1
1
1
1
1
1
1
1
1
1
1
1
1
1
1
1
1
1
1
1
1
1
1
1
1
1
1
1
1
1
1
1
1
1
1
1
1
1
1
1
1
1
1
1
1
1
1
1
1
1
1
1
1
1
j4751
j4753
j4755
j4757
j4759
j4761
j4763
j4765
j4767
j4769
j4771
j4773
j4775
j4777
j4779
j4781
j4783
j4785
j4787
j4789
j4791
j4793
j4795
j4797
j4799
j4801
j4803
j4805
j4807
j4809
j4811
j4813
j4815
j4817
j4819
j4821
j4823
j4825
j4827
j4829
j4831
j4833
j4835
j4837
j4839
j4841
j4843
j4845
j4847
j4849
j4851
j4853
j4855
j4857
j4859
j4861
j4863
j4865
j4867
j4869
j4871
j4873
j4875
j4877
j4879
j4881
j4883
j4885
j4887
j4889
j4891
j4893
j4895
j4897
j4899
j4901
j4903
j4905
j4907
j4909
j4911
j4913
j4915
j4917
j4919
j4921
j4923
j4925
j4927
j4929
j4931
j4933
j4935
j4937
j4939
j4941
j4943
j4945
j4947
j4949
j4951
j4953
j4955
j4957
j4959
j4961
j4963
j4965
j4967
j4969
j4971
j4973
j4975
j4977
j4979
j4981
j4983
j4985
j4987
j4989
j4991
j4993
j4995
j4997
j4999
2
2
2
2
2
2
2
2
2
2
2
2
2
2
2
2
2
2
2
2
2
2
2
2
2
2
2
2
2
2
2
2
2
2
2
2
2
2
2
2
2
2
2
2
2
2
2
2
2
2
2
2
2
2
2
2
2
2
2
2
2
2
2
2
2
2
2
2
2
2
2
2
2
2
2
2
2
2
2
2
2
2
2
2
2
2
2
2
2
2
2
2
2
2
2
2
2
2
2
2
2
2
2
2
2
2
2
2
2
2
2
2
2
2
2
2
2
2
2
2
2
2
2
2
2
0
0
0
0
0
0
0
0
0
0
0
0
0
0
0
0
0
0
0
0
0
0
0
0
0
0
0
0
0
0
0
0
0
0
0
0
0
0
0
0
0
0
0
0
0
0
0
0
0
0
0
0
0
0
0
0
0
0
0
0
0
0
0
0
0
0
0
0
0
0
0
0
0
0
0
0
0
0
0
0
0
0
0
0
0
0
0
0
0
0
0
0
0
0
0
0
0
0
0
0
0
0
0
0
0
0
0
0
0
0
0
0
0
0
0
0
0
0
0
0
0
0
0
0
0
j4750
j4752
j4754
j4756
j4758
j4760
j4762
j4764
j4766
j4768
j4770
j4772
j4774
j4776
j4778
j4780
j4782
j4784
j4786
j4788
j4790
j4792
j4794
j4796
j4798
j4800
j4802
j4804
j4806
j4808
j4810
j4812
j4814
j4816
j4818
j4820
j4822
j4824
j4826
j4828
j4830
j4832
j4834
j4836
j4838
j4840
j4842
j4844
j4846
j4848
j4850
j4852
j4854
j4856
j4858
j4860
j4862
j4864
j4866
j4868
j4870
j4872
j4874
j4876
j4878
j4880
j4882
j4884
j4886
j4888
j4890
j4892
j4894
j4896
j4898
j4900
j4902
j4904
j4906
j4908
j4910
j4912
j4914
j4916
j4918
j4920
j4922
j4924
j4926
j4928
j4930
j4932
j4934
j4936
j4938
j4940
j4942
j4944
j4946
j4948
j4950
j4952
j4954
j4956
j4958
j4960
j4962
j4964
j4966
j4968
j4970
j4972
j4974
j4976
j4978
j4980
j4982
j4984
j4986
j4988
j4990
j4992
j4994
j4996
j4998
c...ec...eC...Ec...ec...e
c...ec...eC...Ec...ec...e
c...ec...eC...Ec...ec...e
c...ec...eC...Ec...ec...e
c...ec...eC...Ec...ec...e
c...ec...eC...Ec...ec...e
c...ec...eC...Ec...ec...e
c...ec...eC...Ec...ec...e
c...ec...eC...Ec...ec...e
c...ec...eC...Ec...ec...e
c...ec...eC...Ec...ec...e
c...ec...eC...Ec...ec...e
c...ec...eC...Ec...ec...e
c...ec...eC...Ec...ec...e
c...ec...eC...Ec...ec...e
c...ec...eC...Ec...ec...e
c...ec...eC...Ec...ec...e
c...ec...eC...Ec...ec...e
c...ec...eC...Ec...ec...e
c...ec...eC...Ec...ec...e
c...ec...eC...Ec...ec...e
c...ec...eC...Ec...ec...e
c...ec...eC...Ec...ec...e
c...ec...eC...Ec...ec...e
c...ec...eC...Ec...ec...e
c...ec...eC...Ec...ec...e
c...ec...eC...Ec...ec...e
c...ec...eC...Ec...ec...e
c...ec...eC...Ec...ec...e
c...ec...eC...Ec...ec...e
c...ec...eC...Ec...ec...e
c...ec...eC...Ec...ec...e
c...ec...eC...Ec...ec...e
c...ec...eC...Ec...ec...e
c...ec...eC...Ec...ec...e
c...ec...eC...Ec...ec...e
c...ec...eC...Ec...ec...e
c...ec...eC...Ec...ec...e
c...ec...eC...Ec...ec...e
c...ec...eC...Ec...ec...e
c...ec...eC...Ec...ec...e
c...ec...eC...Ec...ec...e
c...ec...eC...Ec...ec...e
c...ec...eC...Ec...ec...e
c...ec...eC...Ec...ec...e
c...ec...eC...Ec...ec...e
c...ec...eC...Ec...ec...e
c...ec...eC...Ec...ec...e
c...ec...eC...Ec...ec...e
c...ec...eC...Ec...ec...e
c...ec...eC...Ec...ec...e
c...ec...eC...Ec...ec...e
c...ec...eC...Ec...ec...e
c...ec...eC...Ec...ec...e
c...ec...eC...Ec...ec...e
c...ec...eC...Ec...ec...e
c...ec...eC...Ec...ec...e
c...ec...eC...Ec...ec...e
c...ec...eC...Ec...ec...e
c...ec...eC...Ec...ec...e
c...ec...eC...Ec...ec...e
c...ec...eC...Ec...ec...e
c...ec...eC...Ec...ec...e
c...ec...eC...Ec...ec...e
c...ec...eC...Ec...ec...e
c...ec...eC...Ec...ec...e
c...ec...eC...Ec...ec...e
c...ec...eC...Ec...ec...e
c...ec...eC...Ec...ec...e
c...ec...eC...Ec...ec...e
c...ec...eC...Ec...ec...e
c...ec...eC...Ec...ec...e
c...ec...eC...Ec...ec...e
c...ec...eC...Ec...ec...e
c...ec...eC...Ec...ec...e
c...ec...eC...Ec...ec...e
c...ec...eC...Ec...ec...e
c...ec...eC...Ec...ec...e
c...ec...eC...Ec...ec...e
c...ec...eC...Ec...ec...e
c...ec...eC...Ec...ec...e
c...ec...eC...Ec...ec...e
c...ec...eC...Ec...ec...e
c...ec...eC...Ec...ec...e
c...ec...eC...Ec...ec...e
c...ec...eC...Ec...ec...e
c...ec...eC...Ec...ec...e
c...ec...eC...Ec...ec...e
c...ec...eC...Ec...ec...e
c...ec...eC...Ec...ec...e
c...ec...eC...Ec...ec...e
c...ec...eC...Ec...ec...e
c...ec...eC...Ec...ec...e
c...ec...eC...Ec...ec...e
c...ec...eC...Ec...ec...e
c...ec...eC...Ec...ec...e
c...ec...eC...Ec...ec...e
c...ec...eC...Ec...ec...e
c...ec...eC...Ec...ec...e
c...ec...eC...Ec...ec...e
c...ec...eC...Ec...ec...e
c...ec...eC...Ec...ec...e
c...ec...eC...Ec...ec...e
c...ec...eC...Ec...ec...e
c...ec...eC...Ec...ec...e
c...ec...eC...Ec...ec...e
c...ec...eC...Ec...ec...e
c...ec...eC...Ec...ec...e
c...ec...eC...Ec...ec...e
c...ec...eC...Ec...ec...e
c...ec...eC...Ec...ec...e
c...ec...eC...Ec...ec...e
c...ec...eC...Ec...ec...e
c...ec...eC...Ec...ec...e
c...ec...eC...Ec...ec...e
c...ec...eC...Ec...ec...e
c...ec...eC...Ec...ec...e
c...ec...eC...Ec...ec...e
c...ec...eC...Ec...ec...e
c...ec...eC...Ec...ec...e
c...ec...eC...Ec...ec...e
c...ec...eC...Ec...ec...e
c...ec...eC...Ec...ec...e
c...ec...eC...Ec...ec...e
c...ec...eC...Ec...ec...e
1
1
1
1
1
1
1
1
1
1
1
0
0
1
1
1
1
1
1
0
1
1
1
1
1
1
1
1
1
1
1
1
1
1
0
1
1
1
1
0
1
0
1
1
1
1
1
0
1
1
1
0
1
1
1
1
1
1
1
1
1
1
1
1
1
1
1
1
1
1
0
0
1
1
0
1
1
1
1
1
1
1
1
1
1
1
1
1
1
1
1
1
1
1
1
1
1
1
1
1
1
1
0
1
1
1
1
1
1
1
1
1
0
1
1
1
1
1
1
1
0
1
1
1
1
....ec...eC...Ec..cec...e
....ec...eC...Ec..cec...e
c...ec...e...CEc...ec...e
c...ec...e...CEc...ec...e
c..cec...eC...E....ec...e
c...ec..ceC...Ec...e....e
c...e....eC...Ec...ec..ce
....ec...eC...Ec..cec...e
c...ec..ceC...Ec...e....e
c...ec..ceC...Ec...e....e
....ec...eC...Ec..cec...e
1
1
c...ec...e...CEc...ec...e
c..cec...eC...E....ec...e
c...ec..ceC...Ec...e....e
c...ec..ceC...Ec...e....e
c...e....eC...Ec...ec..ce
c...e....eC...Ec...ec..ce
1
....ec...eC...Ec..cec...e
c...ec..ceC...Ec...e....e
c..cec...eC...E....ec...e
c...ec..ceC...Ec...e....e
c...ec...e...CEc...ec...e
c...ec..ceC...Ec...e....e
c...ec..ceC...Ec...e....e
....ec...eC...Ec..cec...e
c...ec...e...CEc...ec...e
c..cec...eC...E....ec...e
c...ec...e...CEc...ec...e
c...e....eC...Ec...ec..ce
c...ec..ceC...Ec...e....e
c...ec..ceC...Ec...e....e
1
c...ec..ceC...Ec...e....e
c...ec..ceC...Ec...e....e
c...e....eC...Ec...ec..ce
c...ec..ceC...Ec...e....e
1
....ec...eC...Ec..cec...e
1
c...ec...e...CEc...ec...e
c..cec...eC...E....ec...e
c...ec...e...CEc...ec...e
c...ec...e...CEc...ec...e
c...ec..ceC...Ec...e....e
1
....ec...eC...Ec..cec...e
c...ec..ceC...Ec...e....e
....ec...eC...Ec..cec...e
1
c...ec..ceC...Ec...e....e
c...ec...e...CEc...ec...e
c...ec..ceC...Ec...e....e
....ec...eC...Ec..cec...e
c...ec..ceC...Ec...e....e
c...ec..ceC...Ec...e....e
c..cec...eC...E....ec...e
c...ec...e...CEc...ec...e
c...ec..ceC...Ec...e....e
c...ec...e...CEc...ec...e
c...ec..ceC...Ec...e....e
c...ec..ceC...Ec...e....e
c...ec..ceC...Ec...e....e
c...ec...e...CEc...ec...e
c..cec...eC...E....ec...e
c...ec..ceC...Ec...e....e
c...ec...e...CEc...ec...e
c...ec...e...CEc...ec...e
1
1
c..cec...eC...E....ec...e
c...ec..ceC...Ec...e....e
1
c...e....eC...Ec...ec..ce
c...ec..ceC...Ec...e....e
c..cec...eC...E....ec...e
....ec...eC...Ec..cec...e
c...ec...e...CEc...ec...e
c...ec..ceC...Ec...e....e
c...ec..ceC...Ec...e....e
c...ec..ceC...Ec...e....e
c...ec..ceC...Ec...e....e
....ec...eC...Ec..cec...e
c...ec..ceC...Ec...e....e
c...e....eC...Ec...ec..ce
c...ec..ceC...Ec...e....e
c...ec..ceC...Ec...e....e
c...ec...e...CEc...ec...e
c...ec..ceC...Ec...e....e
c...ec...e...CEc...ec...e
c...ec..ceC...Ec...e....e
c..cec...eC...E....ec...e
c...ec..ceC...Ec...e....e
c...ec..ceC...Ec...e....e
c...ec...e...CEc...ec...e
c...ec...e...CEc...ec...e
c...ec..ceC...Ec...e....e
c...ec...e...CEc...ec...e
c...ec..ceC...Ec...e....e
....ec...eC...Ec..cec...e
1
c...ec..ceC...Ec...e....e
c...ec..ceC...Ec...e....e
c...ec..ceC...Ec...e....e
c...e....eC...Ec...ec..ce
....ec...eC...Ec..cec...e
c...ec..ceC...Ec...e....e
....ec...eC...Ec..cec...e
c...ec...e...CEc...ec...e
....ec...eC...Ec..cec...e
1
c...ec..ceC...Ec...e....e
....ec...eC...Ec..cec...e
c...ec..ceC...Ec...e....e
c...ec...e...CEc...ec...e
....ec...eC...Ec..cec...e
....ec...eC...Ec..cec...e
c...e....eC...Ec...ec..ce
1
....ec...eC...Ec..cec...e
c..cec...eC...E....ec...e
c...ec...e...CEc...ec...e
c...ec..ceC...Ec...e....e
0
0
0
0
0
0
0
0
0
0
0
cc..e....eC...Ec...ec...e
cc..e....eC...Ec...ec...e
0
0
0
0
0
0
cc..e....eC...Ec...ec...e
0
0
0
0
0
0
0
0
0
0
0
0
0
0
cc..e....eC...Ec...ec...e
0
0
0
0
cc..e....eC...Ec...ec...e
0
cc..e....eC...Ec...ec...e
0
0
0
0
0
cc..e....eC...Ec...ec...e
0
0
0
cc..e....eC...Ec...ec...e
0
0
0
0
0
0
0
0
0
0
0
0
0
0
0
0
0
0
cc..e....eC...Ec...ec...e
cc..e....eC...Ec...ec...e
0
0
cc..e....eC...Ec...ec...e
0
0
0
0
0
0
0
0
0
0
0
0
0
0
0
0
0
0
0
0
0
0
0
0
0
0
0
cc..e....eC...Ec...ec...e
0
0
0
0
0
0
0
0
0
cc..e....eC...Ec...ec...e
0
0
0
0
0
0
0
cc..e....eC...Ec...ec...e
0
0
0
0
1
1
1
1
1
1
1
1
1
1
1
0
0
1
1
1
1
1
1
0
1
1
1
1
1
1
1
1
1
1
1
1
1
1
0
1
1
1
1
0
1
0
1
1
1
1
1
0
1
1
1
0
1
1
1
1
1
1
1
1
1
1
1
1
1
1
1
1
1
1
0
0
1
1
0
1
1
1
1
1
1
1
1
1
1
1
1
1
1
1
1
1
1
1
1
1
1
1
1
1
1
1
0
1
1
1
1
1
1
1
1
1
0
1
1
1
1
1
1
1
0
1
1
1
1
....ec...eC...Ec..cec...e
....ec...eC...Ec..cec...e
c...ec...e...CEc...ec...e
c...ec...e...CEc...ec...e
c..cec...eC...E....ec...e
c...ec..ceC...Ec...e....e
c...e....eC...Ec...ec..ce
....ec...eC...Ec..cec...e
c...ec..ceC...Ec...e....e
c...ec..ceC...Ec...e....e
....ec...eC...Ec..cec...e
1
1
c...ec...e...CEc...ec...e
c..cec...eC...E....ec...e
c...ec..ceC...Ec...e....e
c...ec..ceC...Ec...e....e
c...e....eC...Ec...ec..ce
c...e....eC...Ec...ec..ce
1
....ec...eC...Ec..cec...e
c...ec..ceC...Ec...e....e
c..cec...eC...E....ec...e
c...ec..ceC...Ec...e....e
c...ec...e...CEc...ec...e
c...ec..ceC...Ec...e....e
c...ec..ceC...Ec...e....e
....ec...eC...Ec..cec...e
c...ec...e...CEc...ec...e
c..cec...eC...E....ec...e
c...ec...e...CEc...ec...e
c...e....eC...Ec...ec..ce
c...ec..ceC...Ec...e....e
c...ec..ceC...Ec...e....e
1
c...ec..ceC...Ec...e....e
c...ec..ceC...Ec...e....e
c...e....eC...Ec...ec..ce
c...ec..ceC...Ec...e....e
1
....ec...eC...Ec..cec...e
1
c...ec...e...CEc...ec...e
c..cec...eC...E....ec...e
c...ec...e...CEc...ec...e
c...ec...e...CEc...ec...e
c...ec..ceC...Ec...e....e
1
....ec...eC...Ec..cec...e
c...ec..ceC...Ec...e....e
....ec...eC...Ec..cec...e
1
c...ec..ceC...Ec...e....e
c...ec...e...CEc...ec...e
c...ec..ceC...Ec...e....e
....ec...eC...Ec..cec...e
c...ec..ceC...Ec...e....e
c...ec..ceC...Ec...e....e
c..cec...eC...E....ec...e
c...ec...e...CEc...ec...e
c...ec..ceC...Ec...e....e
c...ec...e...CEc...ec...e
c...ec..ceC...Ec...e....e
c...ec..ceC...Ec...e....e
c...ec..ceC...Ec...e....e
c...ec...e...CEc...ec...e
c..cec...eC...E....ec...e
c...ec..ceC...Ec...e....e
c...ec...e...CEc...ec...e
c...ec...e...CEc...ec...e
1
1
c..cec...eC...E....ec...e
c...ec..ceC...Ec...e....e
1
c...e....eC...Ec...ec..ce
c...ec..ceC...Ec...e....e
c..cec...eC...E....ec...e
....ec...eC...Ec..cec...e
c...ec...e...CEc...ec...e
c...ec..ceC...Ec...e....e
c...ec..ceC...Ec...e....e
c...ec..ceC...Ec...e....e
c...ec..ceC...Ec...e....e
....ec...eC...Ec..cec...e
c...ec..ceC...Ec...e....e
c...e....eC...Ec...ec..ce
c...ec..ceC...Ec...e....e
c...ec..ceC...Ec...e....e
c...ec...e...CEc...ec...e
c...ec..ceC...Ec...e....e
c...ec...e...CEc...ec...e
c...ec..ceC...Ec...e....e
c..cec...eC...E....ec...e
c...ec..ceC...Ec...e....e
c...ec..ceC...Ec...e....e
c...ec...e...CEc...ec...e
c...ec...e...CEc...ec...e
c...ec..ceC...Ec...e....e
c...ec...e...CEc...ec...e
c...ec..ceC...Ec...e....e
....ec...eC...Ec..cec...e
1
c...ec..ceC...Ec...e....e
c...ec..ceC...Ec...e....e
c...ec..ceC...Ec...e....e
c...e....eC...Ec...ec..ce
....ec...eC...Ec..cec...e
c...ec..ceC...Ec...e....e
....ec...eC...Ec..cec...e
c...ec...e...CEc...ec...e
....ec...eC...Ec..cec...e
1
c...ec..ceC...Ec...e....e
....ec...eC...Ec..cec...e
c...ec..ceC...Ec...e....e
c...ec...e...CEc...ec...e
....ec...eC...Ec..cec...e
....ec...eC...Ec..cec...e
c...e....eC...Ec...ec..ce
1
....ec...eC...Ec..cec...e
c..cec...eC...E....ec...e
c...ec...e...CEc...ec...e
c...ec..ceC...Ec...e....e
1
1
1
1
1
1
1
1
1
1
1
cc..e....eC...Ec...ec...e
cc..e....eC...Ec...ec...e
1
1
1
1
1
1
cc..e....eC...Ec...ec...e
1
1
1
1
1
1
1
1
1
1
1
1
1
1
cc..e....eC...Ec...ec...e
1
1
1
1
cc..e....eC...Ec...ec...e
1
cc..e....eC...Ec...ec...e
1
1
1
1
1
cc..e....eC...Ec...ec...e
1
1
1
cc..e....eC...Ec...ec...e
1
1
1
1
1
1
1
1
1
1
1
1
1
1
1
1
1
1
cc..e....eC...Ec...ec...e
cc..e....eC...Ec...ec...e
1
1
cc..e....eC...Ec...ec...e
1
1
1
1
1
1
1
1
1
1
1
1
1
1
1
1
1
1
1
1
1
1
1
1
1
1
1
cc..e....eC...Ec...ec...e
1
1
1
1
1
1
1
1
1
cc..e....eC...Ec...ec...e
1
1
1
1
1
1
1
cc..e....eC...Ec...ec...e
1
1
1
1
.e..ec...eC...Ec..c.c...e
.e..ec...eC...Ec..c.c...e
c.E.ec...e...C.c...ec...e
c....c...e...CEce..ec...e
c..cece..eC...E....ec....
ce...c..ceC...Ec...e....e
c...e.....C...Ec...ece.ce
.e..ec...eC...Ec..c.c...e
c...ec..ceC...Ec...ee....
c...ec..ceC...Ec...ee....
.e..ec...eC...Ec..c.c...e
1
1
c....c...e...CEce..ec...e
c..cece..eC...E....ec....
c...ec..ceC...Ec...ee....
ce...c..ceC...Ec...e....e
c...e.....C...Ec...ece.ce
c...e.....C...Ec...ece.ce
1
.e..ec...eC...Ec..c.c...e
c...ec..ceC...Ec...ee....
c..cece..eC...E....ec....
c...ec..ceC...Ec...ee....
c....c...e...CEce..ec...e
c...ec..ceC...Ec...ee....
c...ec..ceC...Ec...ee....
....ec...eC...Ec..cece...
c.E.ec...e...C.c...ec...e
c..cece..eC...E....ec....
c.E.ec...e...C.c...ec...e
c...e.....C...Ec...ece.ce
c...ec..ceC...Ec...ee....
ce...c..ceC...Ec...e....e
1
c...ec..ceC...Ec...ee....
c...ece.ceC...Ec...e.....
c...e.....C...Ec...ece.ce
c...ece.ceC...Ec...e.....
1
.e..ec...eC...Ec..c.c...e
1
c.E.ec...e...C.c...ec...e
c..cece..eC...E....ec....
c....c...e...CEce..ec...e
c....c...e...CEce..ec...e
c...ec..ceC...Ec...ee....
1
.e..ec...eC...Ec..c.c...e
c...ec..ceC...Ec...ee....
.e..ec...eC...Ec..c.c...e
1
c...ece.ceC...Ec...e.....
c.E.ec...e...C.c...ec...e
c...ece.ceC...Ec...e.....
.e..ec...eC...Ec..c.c...e
ce...c..ceC...Ec...e....e
ce...c..ceC...Ec...e....e
c..cece..eC...E....ec....
c.E.ec...e...C.c...ec...e
ce...c..ceC...Ec...e....e
c....c...e...CEce..ec...e
c...ec..ceC...Ec...ee....
c...ece.ceC...Ec...e.....
ce...c..ceC...Ec...e....e
c.E.ec...e...C.c...ec...e
c..cece..eC...E....ec....
c...ece.ceC...Ec...e.....
c....c...e...CEce..ec...e
c....c...e...CEce..ec...e
1
1
c..cece..eC...E....ec....
ce...c..ceC...Ec...e....e
1
c...e.....C...Ec...ece.ce
c...ece.ceC...Ec...e.....
c..cece..eC...E....ec....
.e..ec...eC...Ec..c.c...e
c.E.ec...e...C.c...ec...e
ce...c..ceC...Ec...e....e
c...ec..ceC...Ec...ee....
c...ece.ceC...Ec...e.....
c...ece.ceC...Ec...e.....
.e..ec...eC...Ec..c.c...e
ce...c..ceC...Ec...e....e
c...e.....C...Ec...ece.ce
c...ec..ceC...Ec...ee....
c...ec..ceC...Ec...ee....
c....c...e...CEce..ec...e
c...ec..ceC...Ec...ee....
c....c...e...CEce..ec...e
ce...c..ceC...Ec...e....e
c..cece..eC...E....ec....
c...ece.ceC...Ec...e.....
c...ec..ceC...Ec...ee....
c....c...e...CEce..ec...e
c.E.ec...e...C.c...ec...e
c...ec..ceC...Ec...ee....
c....c...e...CEce..ec...e
c...ec..ceC...Ec...ee....
.e..ec...eC...Ec..c.c...e
1
c...ec..ceC...Ec...ee....
c...ec..ceC...Ec...ee....
c...ec..ceC...Ec...ee....
c...e.....C...Ec...ece.ce
....ec...eC...Ec..cece...
ce...c..ceC...Ec...e....e
....ec...eC...Ec..cece...
c....c...e...CEce..ec...e
....ec...eC...Ec..cece...
1
c...ec..ceC...Ec...ee....
....ec...eC...Ec..cece...
c...ec..ceC...Ec...ee....
c....c...e...CEce..ec...e
....ec...eC...Ec..cece...
....ec...eC...Ec..cece...
c...e.....C...Ec...ece.ce
1
.e..ec...eC...Ec..c.c...e
c..cece..eC...E....ec....
c.E.ec...e...C.c...ec...e
c...ece.ceC...Ec...e.....
1
1
1
1
1
1
1
1
1
1
1
cc.......eC...Ece..ec...e
cc.......eC...Ece..ec...e
1
1
1
1
1
1
cc.......eC...Ece..ec...e
1
1
1
1
1
1
1
1
1
1
1
1
1
1
cc.......eC...Ece..ec...e
1
1
1
1
cc.......eC...Ece..ec...e
1
cc.......eC...Ece..ec...e
1
1
1
1
1
cc.......eC...Ece..ec...e
1
1
1
cc.......eC...Ece..ec...e
1
1
1
1
1
1
1
1
1
1
1
1
1
1
1
1
1
1
cc.......eC...Ece..ec...e
cc.......eC...Ece..ec...e
1
1
cc.......eC...Ece..ec...e
1
1
1
1
1
1
1
1
1
1
1
1
1
1
1
1
1
1
1
1
1
1
1
1
1
1
1
cc.......eC...Ece..ec...e
1
1
1
1
1
1
1
1
1
cc.......eC...Ece..ec...e
1
1
1
1
1
1
1
cc.......eC...Ece..ec...e
1
1
1
1
0
0
0
0
0
0
0
0
0
0
0
1
1
0
0
0
0
0
0
1
0
0
0
0
0
0
0
0
0
0
0
0
0
0
1
0
0
0
0
1
0
1
0
0
0
0
0
1
0
0
0
1
0
0
0
0
0
0
0
0
0
0
0
0
0
0
0
0
0
0
1
1
0
0
1
0
0
0
0
0
0
0
0
0
0
0
0
0
0
0
0
0
0
0
0
0
0
0
0
0
0
0
1
0
0
0
0
0
0
0
0
0
1
0
0
0
0
0
0
0
1
0
0
0
0
.e..ec...eC...Ec..c.c...e
.e..ec...eC...Ec..c.c...e
c.E.ec...e...C.c...ec...e
c....c...e...CEce..ec...e
c..cece..eC...E....ec....
ce...c..ceC...Ec...e....e
c...e.....C...Ec...ece.ce
.e..ec...eC...Ec..c.c...e
c...ec..ceC...Ec...ee....
c...ec..ceC...Ec...ee....
.e..ec...eC...Ec..c.c...e
0
0
c....c...e...CEce..ec...e
c..cece..eC...E....ec....
c...ec..ceC...Ec...ee....
ce...c..ceC...Ec...e....e
c...e.....C...Ec...ece.ce
c...e.....C...Ec...ece.ce
0
.e..ec...eC...Ec..c.c...e
c...ec..ceC...Ec...ee....
c..cece..eC...E....ec....
c...ec..ceC...Ec...ee....
c....c...e...CEce..ec...e
c...ec..ceC...Ec...ee....
c...ec..ceC...Ec...ee....
....ec...eC...Ec..cece...
c.E.ec...e...C.c...ec...e
c..cece..eC...E....ec....
c.E.ec...e...C.c...ec...e
c...e.....C...Ec...ece.ce
c...ec..ceC...Ec...ee....
ce...c..ceC...Ec...e....e
0
c...ec..ceC...Ec...ee....
c...ece.ceC...Ec...e.....
c...e.....C...Ec...ece.ce
c...ece.ceC...Ec...e.....
0
.e..ec...eC...Ec..c.c...e
0
c.E.ec...e...C.c...ec...e
c..cece..eC...E....ec....
c....c...e...CEce..ec...e
c....c...e...CEce..ec...e
c...ec..ceC...Ec...ee....
0
.e..ec...eC...Ec..c.c...e
c...ec..ceC...Ec...ee....
.e..ec...eC...Ec..c.c...e
0
c...ece.ceC...Ec...e.....
c.E.ec...e...C.c...ec...e
c...ece.ceC...Ec...e.....
.e..ec...eC...Ec..c.c...e
ce...c..ceC...Ec...e....e
ce...c..ceC...Ec...e....e
c..cece..eC...E....ec....
c.E.ec...e...C.c...ec...e
ce...c..ceC...Ec...e....e
c....c...e...CEce..ec...e
c...ec..ceC...Ec...ee....
c...ece.ceC...Ec...e.....
ce...c..ceC...Ec...e....e
c.E.ec...e...C.c...ec...e
c..cece..eC...E....ec....
c...ece.ceC...Ec...e.....
c....c...e...CEce..ec...e
c....c...e...CEce..ec...e
0
0
c..cece..eC...E....ec....
ce...c..ceC...Ec...e....e
0
c...e.....C...Ec...ece.ce
c...ece.ceC...Ec...e.....
c..cece..eC...E....ec....
.e..ec...eC...Ec..c.c...e
c.E.ec...e...C.c...ec...e
ce...c..ceC...Ec...e....e
c...ec..ceC...Ec...ee....
c...ece.ceC...Ec...e.....
c...ece.ceC...Ec...e.....
.e..ec...eC...Ec..c.c...e
ce...c..ceC...Ec...e....e
c...e.....C...Ec...ece.ce
c...ec..ceC...Ec...ee....
c...ec..ceC...Ec...ee....
c....c...e...CEce..ec...e
c...ec..ceC...Ec...ee....
c....c...e...CEce..ec...e
ce...c..ceC...Ec...e....e
c..cece..eC...E....ec....
c...ece.ceC...Ec...e.....
c...ec..ceC...Ec...ee....
c....c...e...CEce..ec...e
c.E.ec...e...C.c...ec...e
c...ec..ceC...Ec...ee....
c....c...e...CEce..ec...e
c...ec..ceC...Ec...ee....
.e..ec...eC...Ec..c.c...e
0
c...ec..ceC...Ec...ee....
c...ec..ceC...Ec...ee....
c...ec..ceC...Ec...ee....
c...e.....C...Ec...ece.ce
....ec...eC...Ec..cece...
ce...c..ceC...Ec...e....e
....ec...eC...Ec..cece...
c....c...e...CEce..ec...e
....ec...eC...Ec..cece...
0
c...ec..ceC...Ec...ee....
....ec...eC...Ec..cece...
c...ec..ceC...Ec...ee....
c....c...e...CEce..ec...e
....ec...eC...Ec..cece...
....ec...eC...Ec..cece...
c...e.....C...Ec...ece.ce
0
.e..ec...eC...Ec..c.c...e
c..cece..eC...E....ec....
c.E.ec...e...C.c...ec...e
c...ece.ceC...Ec...e.....
1
1
1
1
0
1
1
1
1
1
1
cc.......eC...Ece..ec...e
cc.......eC...Ece..ec...e
1
0
1
1
1
1
cc.......eC...Ece..ec...e
1
1
0
1
1
1
1
1
1
0
1
1
1
1
cc.......eC...Ece..ec...e
1
1
1
1
cc.......eC...Ece..ec...e
1
cc.......eC...Ece..ec...e
1
0
1
1
1
cc.......eC...Ece..ec...e
1
1
1
cc.......eC...Ece..ec...e
1
1
1
1
1
1
0
1
1
1
1
1
1
1
0
1
1
1
cc.......eC...Ece..ec...e
cc.......eC...Ece..ec...e
0
1
cc.......eC...Ece..ec...e
1
1
0
1
1
1
1
1
1
1
1
1
1
1
1
1
1
1
0
1
1
1
1
1
1
1
1
cc.......eC...Ece..ec...e
1
1
1
1
1
1
1
1
1
cc.......eC...Ece..ec...e
1
1
1
1
1
1
1
cc.......eC...Ece..ec...e
1
0
1
1
.e..ec..ceC...Ec..c.....e
.e..ec..ceC...Ec..c.....e
c.Ecec...e...C.....ec...e
.....c...e...CEce.cec...e
1
ce...c..ceC...E....ec...e
...ce.....C...Ec...ece.ce
.e..ec..ceC...Ec..c.....e
c...ec..ceC...E...cee....
c...ec..ceC...E...cee....
.e..ec..ceC...Ec..c.....e
1
1
.....c...e...CEce.cec...e
1
c...ec..ceC...E...cee....
ce...c..ceC...E....ec...e
...ce.....C...Ec...ece.ce
...ce.....C...Ec...ece.ce
1
.e..ec..ceC...Ec..c.....e
c...ec..ceC...E...cee....
1
c...ec..ceC...E...cee....
.....c...e...CEce.cec...e
c...ec..ceC...E...cee....
c...ec..ceC...E...cee....
....e...ceC...Ec..cece...
c.Ecec...e...C.....ec...e
1
c.Ecec...e...C.....ec...e
...ce.....C...Ec...ece.ce
c...ec..ceC...E...cee....
ce...c..ceC...E....ec...e
1
c...ec..ceC...E...cee....
c...ece.ceC...E...ce.....
...ce.....C...Ec...ece.ce
c...ece.ceC...E...ce.....
1
.e..ec..ceC...Ec..c.....e
1
c.Ecec...e...C.....ec...e
1
.....c...e...CEce.cec...e
.....c...e...CEce.cec...e
c...ec..ceC...E...cee....
1
.e..ec..ceC...Ec..c.....e
c...ec..ceC...E...cee....
.e..ec..ceC...Ec..c.....e
1
c...ece.ceC...E...ce.....
c.Ecec...e...C.....ec...e
c...ece.ceC...E...ce.....
.e..ec..ceC...Ec..c.....e
ce...c..ceC...E....ec...e
ce...c..ceC...E....ec...e
1
c.Ecec...e...C.....ec...e
ce...c..ceC...E....ec...e
.....c...e...CEce.cec...e
c...ec..ceC...E...cee....
c...ece.ceC...E...ce.....
ce...c..ceC...E....ec...e
c.Ecec...e...C.....ec...e
1
c...ece.ceC...E...ce.....
.....c...e...CEce.cec...e
.....c...e...CEce.cec...e
1
1
1
ce...c..ceC...E....ec...e
1
...ce.....C...Ec...ece.ce
c...ece.ceC...E...ce.....
1
.e..ec..ceC...Ec..c.....e
c.Ecec...e...C.....ec...e
ce...c..ceC...E....ec...e
c...ec..ceC...E...cee....
c...ece.ceC...E...ce.....
c...ece.ceC...E...ce.....
.e..ec..ceC...Ec..c.....e
ce...c..ceC...E....ec...e
...ce.....C...Ec...ece.ce
c...ec..ceC...E...cee....
c...ec..ceC...E...cee....
.....c...e...CEce.cec...e
c...ec..ceC...E...cee....
.....c...e...CEce.cec...e
ce...c..ceC...E....ec...e
1
c...ece.ceC...E...ce.....
c...ec..ceC...E...cee....
.....c...e...CEce.cec...e
c.Ecec...e...C.....ec...e
c...ec..ceC...E...cee....
.....c...e...CEce.cec...e
c...ec..ceC...E...cee....
.e..ec..ceC...Ec..c.....e
1
c...ec..ceC...E...cee....
c...ec..ceC...E...cee....
c...ec..ceC...E...cee....
...ce.....C...Ec...ece.ce
....e...ceC...Ec..cece...
ce...c..ceC...E....ec...e
....e...ceC...Ec..cece...
.....c...e...CEce.cec...e
....e...ceC...Ec..cece...
1
c...ec..ceC...E...cee....
....e...ceC...Ec..cece...
c...ec..ceC...E...cee....
.....c...e...CEce.cec...e
....e...ceC...Ec..cece...
....e...ceC...Ec..cece...
...ce.....C...Ec...ece.ce
1
.e..ec..ceC...Ec..c.....e
1
c.Ecec...e...C.....ec...e
c...ece.ceC...E...ce.....
0
0
0
0
c..cece.ceC...E....e.....
0
0
0
0
0
0
c........eCc..Ece..ec...e
c........eCc..Ece..ec...e
0
c..cece.ceC...E....e.....
0
0
0
0
c........eCc..Ece..ec...e
0
0
c..cece.ceC...E....e.....
0
0
0
0
0
0
c..cece.ceC...E....e.....
0
0
0
0
c........eCc..Ece..ec...e
0
0
0
0
c........eCc..Ece..ec...e
0
c........eCc..Ece..ec...e
0
c..cece.ceC...E....e.....
0
0
0
c........eCc..Ece..ec...e
0
0
0
c........eCc..Ece..ec...e
0
0
0
0
0
0
c..cece.ceC...E....e.....
0
0
0
0
0
0
0
c..cece.ceC...E....e.....
0
0
0
c........eCc..Ece..ec...e
c........eCc..Ece..ec...e
c..cece.ceC...E....e.....
0
c........eCc..Ece..ec...e
0
0
c..cece.ceC...E....e.....
0
0
0
0
0
0
0
0
0
0
0
0
0
0
0
c..cece.ceC...E....e.....
0
0
0
0
0
0
0
0
c........eCc..Ece..ec...e
0
0
0
0
0
0
0
0
0
c........eCc..Ece..ec...e
0
0
0
0
0
0
0
c........eCc..Ece..ec...e
0
c..cece.ceC...E....e.....
0
0
1
1
1
1
0
1
1
1
1
1
1
0
0
1
0
1
1
1
1
0
1
1
0
1
1
1
1
1
1
0
1
1
1
1
0
1
1
1
1
0
1
0
1
0
1
1
1
0
1
1
1
0
1
1
1
1
1
1
0
1
1
1
1
1
1
1
0
1
1
1
0
0
0
1
0
1
1
0
1
1
1
1
1
1
1
1
1
1
1
1
1
1
1
0
1
1
1
1
1
1
1
1
0
1
1
1
1
1
1
1
1
1
0
1
1
1
1
1
1
1
0
1
0
1
1
.e..ec..ceC...Ec..c.....e
.e..ec..ceC...Ec..c.....e
c.Ecec...e...C.....ec...e
.....c...e...CEce.cec...e
1
ce...c..ceC...E....ec...e
...ce.....C...Ec...ece.ce
.e..ec..ceC...Ec..c.....e
c...ec..ceC...E...cee....
c...ec..ceC...E...cee....
.e..ec..ceC...Ec..c.....e
1
1
.....c...e...CEce.cec...e
1
c...ec..ceC...E...cee....
ce...c..ceC...E....ec...e
...ce.....C...Ec...ece.ce
...ce.....C...Ec...ece.ce
1
.e..ec..ceC...Ec..c.....e
c...ec..ceC...E...cee....
1
c...ec..ceC...E...cee....
.....c...e...CEce.cec...e
c...ec..ceC...E...cee....
c...ec..ceC...E...cee....
....e...ceC...Ec..cece...
c.Ecec...e...C.....ec...e
1
c.Ecec...e...C.....ec...e
...ce.....C...Ec...ece.ce
c...ec..ceC...E...cee....
ce...c..ceC...E....ec...e
1
c...ec..ceC...E...cee....
c...ece.ceC...E...ce.....
...ce.....C...Ec...ece.ce
c...ece.ceC...E...ce.....
1
.e..ec..ceC...Ec..c.....e
1
c.Ecec...e...C.....ec...e
1
.....c...e...CEce.cec...e
.....c...e...CEce.cec...e
c...ec..ceC...E...cee....
1
.e..ec..ceC...Ec..c.....e
c...ec..ceC...E...cee....
.e..ec..ceC...Ec..c.....e
1
c...ece.ceC...E...ce.....
c.Ecec...e...C.....ec...e
c...ece.ceC...E...ce.....
.e..ec..ceC...Ec..c.....e
ce...c..ceC...E....ec...e
ce...c..ceC...E....ec...e
1
c.Ecec...e...C.....ec...e
ce...c..ceC...E....ec...e
.....c...e...CEce.cec...e
c...ec..ceC...E...cee....
c...ece.ceC...E...ce.....
ce...c..ceC...E....ec...e
c.Ecec...e...C.....ec...e
1
c...ece.ceC...E...ce.....
.....c...e...CEce.cec...e
.....c...e...CEce.cec...e
1
1
1
ce...c..ceC...E....ec...e
1
...ce.....C...Ec...ece.ce
c...ece.ceC...E...ce.....
1
.e..ec..ceC...Ec..c.....e
c.Ecec...e...C.....ec...e
ce...c..ceC...E....ec...e
c...ec..ceC...E...cee....
c...ece.ceC...E...ce.....
c...ece.ceC...E...ce.....
.e..ec..ceC...Ec..c.....e
ce...c..ceC...E....ec...e
...ce.....C...Ec...ece.ce
c...ec..ceC...E...cee....
c...ec..ceC...E...cee....
.....c...e...CEce.cec...e
c...ec..ceC...E...cee....
.....c...e...CEce.cec...e
ce...c..ceC...E....ec...e
1
c...ece.ceC...E...ce.....
c...ec..ceC...E...cee....
.....c...e...CEce.cec...e
c.Ecec...e...C.....ec...e
c...ec..ceC...E...cee....
.....c...e...CEce.cec...e
c...ec..ceC...E...cee....
.e..ec..ceC...Ec..c.....e
1
c...ec..ceC...E...cee....
c...ec..ceC...E...cee....
c...ec..ceC...E...cee....
...ce.....C...Ec...ece.ce
....e...ceC...Ec..cece...
ce...c..ceC...E....ec...e
....e...ceC...Ec..cece...
.....c...e...CEce.cec...e
....e...ceC...Ec..cece...
1
c...ec..ceC...E...cee....
....e...ceC...Ec..cece...
c...ec..ceC...E...cee....
.....c...e...CEce.cec...e
....e...ceC...Ec..cece...
....e...ceC...Ec..cece...
...ce.....C...Ec...ece.ce
1
.e..ec..ceC...Ec..c.....e
1
c.Ecec...e...C.....ec...e
c...ece.ceC...E...ce.....
-4
-4
1
1
c..cece.ceC...E....e.....
1
1
-4
0
0
-4
c........eCc..Ece..ec...e
c........eCc..Ece..ec...e
1
c..cece.ceC...E....e.....
0
1
1
1
c........eCc..Ece..ec...e
-4
0
c..cece.ceC...E....e.....
0
1
0
0
1
1
c..cece.ceC...E....e.....
1
1
0
1
c........eCc..Ece..ec...e
0
1
1
1
c........eCc..Ece..ec...e
-4
c........eCc..Ece..ec...e
1
c..cece.ceC...E....e.....
1
1
0
c........eCc..Ece..ec...e
-4
0
-4
c........eCc..Ece..ec...e
1
1
1
-4
1
1
c..cece.ceC...E....e.....
1
1
1
0
1
1
1
c..cece.ceC...E....e.....
1
1
1
c........eCc..Ece..ec...e
c........eCc..Ece..ec...e
c..cece.ceC...E....e.....
1
c........eCc..Ece..ec...e
1
1
c..cece.ceC...E....e.....
-4
1
1
0
1
1
-4
1
1
0
0
1
0
1
1
c..cece.ceC...E....e.....
1
0
1
1
0
1
0
-4
c........eCc..Ece..ec...e
0
0
0
1
1
1
1
1
1
c........eCc..Ece..ec...e
0
1
0
1
1
1
1
c........eCc..Ece..ec...e
-4
c..cece.ceC...E....e.....
1
1
1
1
c.Ecece......C.....ec...e
.....c...e...CEc..cece..e
1
ce...c.eceC...E.....c...e
...c......C...Ece..ece.ce
1
1
1
1
1
1
.....c...e...CEc..cece..e
1
1
ce...c.eceC...E.....c...e
...c......C...Ece..ece.ce
...c......C...Ece..ece.ce
1
1
1
1
1
.....c...e...CEc..cece..e
1
1
....e...ceCE...c..cece...
c.Ecece......C.....ec...e
1
c.Ecece......C.....ec...e
...c......C...Ece..ece.ce
1
ce...c.eceC...E.....c...e
1
1
c...ece.c.C...E...ce.e...
...c......C...Ece..ece.ce
c...ece.c.C...E...ce.e...
1
1
1
c.Ecece......C.....ec...e
1
.....c...e...CEc..cece..e
.....c...e...CEc..cece..e
1
1
1
1
1
1
c...ece.c.C...E...ce.e...
c.Ecece......C.....ec...e
c...ece.c.C...E...ce.e...
1
ce...c.eceC...E.....c...e
ce...c.eceC...E.....c...e
1
c.Ecece......C.....ec...e
ce...c.eceC...E.....c...e
.....c...e...CEc..cece..e
1
c...ece.c.C...E...ce.e...
ce...c.eceC...E.....c...e
c.Ecece......C.....ec...e
1
c...ece.c.C...E...ce.e...
.....c...e...CEc..cece..e
.....c...e...CEc..cece..e
1
1
1
ce...c.eceC...E.....c...e
1
...c......C...Ece..ece.ce
c...ece.c.C...E...ce.e...
1
1
c.Ecece......C.....ec...e
ce...c.eceC...E.....c...e
1
c...ece.c.C...E...ce.e...
c...ece.c.C...E...ce.e...
1
ce...c.eceC...E.....c...e
...c......C...Ece..ece.ce
1
1
.....c...e...CEc..cece..e
1
.....c...e...CEc..cece..e
ce...c.eceC...E.....c...e
1
c...ece.c.C...E...ce.e...
1
.....c...e...CEc..cece..e
c.Ecece......C.....ec...e
1
.....c...e...CEc..cece..e
1
1
1
1
1
1
...c......C...Ece..ece.ce
....e...ceCE...c..cece...
ce...c.eceC...E.....c...e
....e...ceCE...c..cece...
.....c...e...CEc..cece..e
....e...ceCE...c..cece...
1
1
....e...ceCE...c..cece...
1
.....c...e...CEc..cece..e
....e...ceCE...c..cece...
....e...ceCE...c..cece...
...c......C...Ece..ece.ce
1
1
1
c.Ecece......C.....ec...e
c...ece.c.C...E...ce.e...
.e..ec..c.C...Ec..c..e..e
.e..ec..c.C...Ec..c..e..e
1
1
c..cece.c.C...E....e.e...
1
1
.e..ec..c.C...Ec..c..e..e
ce..ec..ceC...E...c.e....
ce..ec..ceC...E...c.e....
.e..ec..c.C...Ec..c..e..e
ce.......eCc..Ece...c...e
ce.......eCc..Ece...c...e
1
c..cece.c.C...E....e.e...
ce..ec..ceC...E...c.e....
1
1
1
ce.......eCc..Ece...c...e
.e..ec..c.C...Ec..c..e..e
ce..ec..ceC...E...c.e....
c..cece.c.C...E....e.e...
ce..ec..ceC...E...c.e....
1
ce..ec..ceC...E...c.e....
ce..ec..ceC...E...c.e....
1
1
c..cece.c.C...E....e.e...
1
1
ce..ec..ceC...E...c.e....
1
ce.......eCc..Ece...c...e
ce..ec..ceC...E...c.e....
1
1
1
ce.......eCc..Ece...c...e
.e..ec..c.C...Ec..c..e..e
ce.......eCc..Ece...c...e
1
c..cece.c.C...E....e.e...
1
1
ce..ec..ceC...E...c.e....
ce.......eCc..Ece...c...e
.e..ec..c.C...Ec..c..e..e
ce..ec..ceC...E...c.e....
.e..ec..c.C...Ec..c..e..e
ce.......eCc..Ece...c...e
1
1
1
.e..ec..c.C...Ec..c..e..e
1
1
c..cece.c.C...E....e.e...
1
1
1
ce..ec..ceC...E...c.e....
1
1
1
c..cece.c.C...E....e.e...
1
1
1
ce.......eCc..Ece...c...e
ce.......eCc..Ece...c...e
c..cece.c.C...E....e.e...
1
ce.......eCc..Ece...c...e
1
1
c..cece.c.C...E....e.e...
.e..ec..c.C...Ec..c..e..e
1
1
ce..ec..ceC...E...c.e....
1
1
.e..ec..c.C...Ec..c..e..e
1
1
ce..ec..ceC...E...c.e....
ce..ec..ceC...E...c.e....
1
ce..ec..ceC...E...c.e....
1
1
c..cece.c.C...E....e.e...
1
ce..ec..ceC...E...c.e....
1
1
ce..ec..ceC...E...c.e....
1
ce..ec..ceC...E...c.e....
.e..ec..c.C...Ec..c..e..e
ce.......eCc..Ece...c...e
ce..ec..ceC...E...c.e....
ce..ec..ceC...E...c.e....
ce..ec..ceC...E...c.e....
1
1
1
1
1
1
ce.......eCc..Ece...c...e
ce..ec..ceC...E...c.e....
1
ce..ec..ceC...E...c.e....
1
1
1
1
ce.......eCc..Ece...c...e
.e..ec..c.C...Ec..c..e..e
c..cece.c.C...E....e.e...
1
1
1
1
0
0
1
0
0
1
1
1
1
1
1
0
1
1
0
0
0
1
1
1
1
1
0
1
1
0
0
1
0
0
1
0
1
1
0
0
0
1
1
1
0
1
0
0
1
1
1
1
1
1
0
0
0
1
0
0
1
0
0
0
1
0
0
0
1
0
0
0
1
1
1
0
1
0
0
1
1
0
0
1
0
0
1
0
0
1
1
0
1
0
0
1
0
1
0
0
1
0
1
1
1
1
1
1
0
0
0
0
0
0
1
1
0
1
0
0
0
0
1
1
1
0
0
0
0
c.Ecece......C.....ec...e
.....c...e...CEc..cece..e
0
ce...c.eceC...E.....c...e
...c......C...Ece..ece.ce
0
0
0
0
0
0
.....c...e...CEc..cece..e
0
0
ce...c.eceC...E.....c...e
...c......C...Ece..ece.ce
...c......C...Ece..ece.ce
0
0
0
0
0
.....c...e...CEc..cece..e
0
0
....e...ceCE...c..cece...
c.Ecece......C.....ec...e
0
c.Ecece......C.....ec...e
...c......C...Ece..ece.ce
0
ce...c.eceC...E.....c...e
0
0
c...ece.c.C...E...ce.e...
...c......C...Ece..ece.ce
c...ece.c.C...E...ce.e...
0
0
0
c.Ecece......C.....ec...e
0
.....c...e...CEc..cece..e
.....c...e...CEc..cece..e
0
0
0
0
0
0
c...ece.c.C...E...ce.e...
c.Ecece......C.....ec...e
c...ece.c.C...E...ce.e...
0
ce...c.eceC...E.....c...e
ce...c.eceC...E.....c...e
0
c.Ecece......C.....ec...e
ce...c.eceC...E.....c...e
.....c...e...CEc..cece..e
0
c...ece.c.C...E...ce.e...
ce...c.eceC...E.....c...e
c.Ecece......C.....ec...e
0
c...ece.c.C...E...ce.e...
.....c...e...CEc..cece..e
.....c...e...CEc..cece..e
0
0
0
ce...c.eceC...E.....c...e
0
...c......C...Ece..ece.ce
c...ece.c.C...E...ce.e...
0
0
c.Ecece......C.....ec...e
ce...c.eceC...E.....c...e
0
c...ece.c.C...E...ce.e...
c...ece.c.C...E...ce.e...
0
ce...c.eceC...E.....c...e
...c......C...Ece..ece.ce
0
0
.....c...e...CEc..cece..e
0
.....c...e...CEc..cece..e
ce...c.eceC...E.....c...e
0
c...ece.c.C...E...ce.e...
0
.....c...e...CEc..cece..e
c.Ecece......C.....ec...e
0
.....c...e...CEc..cece..e
0
0
0
0
0
0
...c......C...Ece..ece.ce
....e...ceCE...c..cece...
ce...c.eceC...E.....c...e
....e...ceCE...c..cece...
.....c...e...CEc..cece..e
....e...ceCE...c..cece...
0
0
....e...ceCE...c..cece...
0
.....c...e...CEc..cece..e
....e...ceCE...c..cece...
....e...ceCE...c..cece...
...c......C...Ece..ece.ce
0
0
0
c.Ecece......C.....ec...e
c...ece.c.C...E...ce.e...
.e..ec..c.C...Ec..c..e..e
.e..ec..c.C...Ec..c..e..e
1
1
c..cece.c.C...E....e.e...
1
1
.e..ec..c.C...Ec..c..e..e
ce..ec..ceC...E...c.e....
ce..ec..ceC...E...c.e....
.e..ec..c.C...Ec..c..e..e
ce.......eCc..Ece...c...e
ce.......eCc..Ece...c...e
1
c..cece.c.C...E....e.e...
ce..ec..ceC...E...c.e....
1
1
1
ce.......eCc..Ece...c...e
.e..ec..c.C...Ec..c..e..e
ce..ec..ceC...E...c.e....
c..cece.c.C...E....e.e...
ce..ec..ceC...E...c.e....
1
ce..ec..ceC...E...c.e....
ce..ec..ceC...E...c.e....
0
1
c..cece.c.C...E....e.e...
1
1
ce..ec..ceC...E...c.e....
1
ce.......eCc..Ece...c...e
ce..ec..ceC...E...c.e....
1
1
1
ce.......eCc..Ece...c...e
.e..ec..c.C...Ec..c..e..e
ce.......eCc..Ece...c...e
1
c..cece.c.C...E....e.e...
1
1
ce..ec..ceC...E...c.e....
ce.......eCc..Ece...c...e
.e..ec..c.C...Ec..c..e..e
ce..ec..ceC...E...c.e....
.e..ec..c.C...Ec..c..e..e
ce.......eCc..Ece...c...e
1
1
1
.e..ec..c.C...Ec..c..e..e
1
1
c..cece.c.C...E....e.e...
1
1
1
ce..ec..ceC...E...c.e....
1
1
1
c..cece.c.C...E....e.e...
1
1
1
ce.......eCc..Ece...c...e
ce.......eCc..Ece...c...e
c..cece.c.C...E....e.e...
1
ce.......eCc..Ece...c...e
1
1
c..cece.c.C...E....e.e...
.e..ec..c.C...Ec..c..e..e
1
1
ce..ec..ceC...E...c.e....
1
1
.e..ec..c.C...Ec..c..e..e
1
1
ce..ec..ceC...E...c.e....
ce..ec..ceC...E...c.e....
1
ce..ec..ceC...E...c.e....
1
1
c..cece.c.C...E....e.e...
1
ce..ec..ceC...E...c.e....
1
1
ce..ec..ceC...E...c.e....
1
ce..ec..ceC...E...c.e....
.e..ec..c.C...Ec..c..e..e
ce.......eCc..Ece...c...e
ce..ec..ceC...E...c.e....
ce..ec..ceC...E...c.e....
ce..ec..ceC...E...c.e....
1
0
1
0
1
0
ce.......eCc..Ece...c...e
ce..ec..ceC...E...c.e....
0
ce..ec..ceC...E...c.e....
1
0
0
1
ce.......eCc..Ece...c...e
.e..ec..c.C...Ec..c..e..e
c..cece.c.C...E....e.e...
1
1
1
1
c.Ecece...c..C.....e....e
........ce...CEc..cece..e
1
ce.....eceC...E.....c..ce
..........C...Ece.cece.ce
1
1
1
1
1
1
........ce...CEc..cece..e
1
1
ce.....eceC...E.....c..ce
..........C...Ece.cece.ce
..........C...Ece.cece.ce
1
1
1
1
1
........ce...CEc..cece..e
1
1
0
c.Ecece...c..C.....e....e
1
c.Ecece...c..C.....e....e
..........C...Ece.cece.ce
1
ce.....eceC...E.....c..ce
1
1
...cece.c.C...E...ce.e...
..........C...Ece.cece.ce
...cece.c.C...E...ce.e...
1
1
1
c.Ecece...c..C.....e....e
1
........ce...CEc..cece..e
........ce...CEc..cece..e
1
1
1
1
1
1
...cece.c.C...E...ce.e...
c.Ecece...c..C.....e....e
...cece.c.C...E...ce.e...
1
ce.....eceC...E.....c..ce
ce.....eceC...E.....c..ce
1
c.Ecece...c..C.....e....e
ce.....eceC...E.....c..ce
........ce...CEc..cece..e
1
...cece.c.C...E...ce.e...
ce.....eceC...E.....c..ce
c.Ecece...c..C.....e....e
1
...cece.c.C...E...ce.e...
........ce...CEc..cece..e
........ce...CEc..cece..e
1
1
1
ce.....eceC...E.....c..ce
1
..........C...Ece.cece.ce
...cece.c.C...E...ce.e...
1
1
c.Ecece...c..C.....e....e
ce.....eceC...E.....c..ce
1
...cece.c.C...E...ce.e...
...cece.c.C...E...ce.e...
1
ce.....eceC...E.....c..ce
..........C...Ece.cece.ce
1
1
........ce...CEc..cece..e
1
........ce...CEc..cece..e
ce.....eceC...E.....c..ce
1
...cece.c.C...E...ce.e...
1
........ce...CEc..cece..e
c.Ecece...c..C.....e....e
1
........ce...CEc..cece..e
1
1
1
1
1
1
..........C...Ece.cece.ce
0
ce.....eceC...E.....c..ce
0
........ce...CEc..cece..e
0
1
1
0
1
........ce...CEc..cece..e
0
0
..........C...Ece.cece.ce
1
1
1
c.Ecece...c..C.....e....e
...cece.c.C...E...ce.e...
.e..ec....C..cEc..c..e..e
.e..ec....C..cEc..c..e..e
0
0
c..ce.e.c.C...E....e.e.c.
0
0
.e..ec....C..cEc..c..e..e
ce..ec...eC..cE...c.e....
ce..ec...eC..cE...c.e....
.e..ec....C..cEc..c..e..e
ce.......eC..cEce...c...e
ce.......eC..cEce...c...e
0
c..ce.e.c.C...E....e.e.c.
ce..ec...eC..cE...c.e....
0
0
0
ce.......eC..cEce...c...e
.e..ec....C..cEc..c..e..e
ce..ec...eC..cE...c.e....
c..ce.e.c.C...E....e.e.c.
ce..ec...eC..cE...c.e....
0
ce..ec...eC..cE...c.e....
ce..ec...eC..cE...c.e....
1
0
c..ce.e.c.C...E....e.e.c.
0
0
ce..ec...eC..cE...c.e....
0
ce.......eC..cEce...c...e
ce..ec...eC..cE...c.e....
0
0
0
ce.......eC..cEce...c...e
.e..ec....C..cEc..c..e..e
ce.......eC..cEce...c...e
0
c..ce.e.c.C...E....e.e.c.
0
0
ce..ec...eC..cE...c.e....
ce.......eC..cEce...c...e
.e..ec....C..cEc..c..e..e
ce..ec...eC..cE...c.e....
.e..ec....C..cEc..c..e..e
ce.......eC..cEce...c...e
0
0
0
.e..ec....C..cEc..c..e..e
0
0
c..ce.e.c.C...E....e.e.c.
0
0
0
ce..ec...eC..cE...c.e....
0
0
0
c..ce.e.c.C...E....e.e.c.
0
0
0
ce.......eC..cEce...c...e
ce.......eC..cEce...c...e
c..ce.e.c.C...E....e.e.c.
0
ce.......eC..cEce...c...e
0
0
c..ce.e.c.C...E....e.e.c.
.e..ec....C..cEc..c..e..e
0
0
ce..ec...eC..cE...c.e....
0
0
.e..ec....C..cEc..c..e..e
0
0
ce..ec...eC..cE...c.e....
ce..ec...eC..cE...c.e....
0
ce..ec...eC..cE...c.e....
0
0
c..ce.e.c.C...E....e.e.c.
0
ce..ec...eC..cE...c.e....
0
0
ce..ec...eC..cE...c.e....
0
ce..ec...eC..cE...c.e....
.e..ec....C..cEc..c..e..e
ce.......eC..cEce...c...e
ce..ec...eC..cE...c.e....
ce..ec...eC..cE...c.e....
ce..ec...eC..cE...c.e....
0
1
0
1
0
1
ce.......eC..cEce...c...e
ce..ec...eC..cE...c.e....
1
ce..ec...eC..cE...c.e....
0
1
1
0
ce.......eC..cEce...c...e
.e..ec....C..cEc..c..e..e
c..ce.e.c.C...E....e.e.c.
0
0
0
0
1
1
0
1
1
0
0
0
0
0
0
1
0
0
1
1
1
0
0
0
0
0
1
0
0
....e...ceCEc..c..ce.e...
1
0
1
1
0
1
0
0
1
1
1
0
0
0
1
0
1
1
0
0
0
0
0
0
1
1
1
0
1
1
0
1
1
1
0
1
1
1
0
1
1
1
0
0
0
1
0
1
1
0
0
1
1
0
1
1
0
1
1
0
0
1
0
1
1
0
1
0
1
1
0
1
0
0
0
0
0
0
1
....e...ceCEc..c..ce.e...
1
....e...ceCEc..c..ce.e...
1
....e...ceCEc..c..ce.e...
0
0
....e...ceCEc..c..ce.e...
0
1
....e...ceCEc..c..ce.e...
....e...ceCEc..c..ce.e...
1
0
0
0
1
1
1
1
c.Ecece...c..C.....e....e
........ce...CEc..cece..e
1
ce.....eceC...E.....c..ce
..........C...Ece.cece.ce
1
1
1
1
1
1
........ce...CEc..cece..e
1
1
ce.....eceC...E.....c..ce
..........C...Ece.cece.ce
..........C...Ece.cece.ce
1
1
1
1
1
........ce...CEc..cece..e
1
1
0
c.Ecece...c..C.....e....e
1
c.Ecece...c..C.....e....e
..........C...Ece.cece.ce
1
ce.....eceC...E.....c..ce
1
1
...cece.c.C...E...ce.e...
..........C...Ece.cece.ce
...cece.c.C...E...ce.e...
1
1
1
c.Ecece...c..C.....e....e
1
........ce...CEc..cece..e
........ce...CEc..cece..e
1
1
1
1
1
1
...cece.c.C...E...ce.e...
c.Ecece...c..C.....e....e
...cece.c.C...E...ce.e...
1
ce.....eceC...E.....c..ce
ce.....eceC...E.....c..ce
1
c.Ecece...c..C.....e....e
ce.....eceC...E.....c..ce
........ce...CEc..cece..e
1
...cece.c.C...E...ce.e...
ce.....eceC...E.....c..ce
c.Ecece...c..C.....e....e
1
...cece.c.C...E...ce.e...
........ce...CEc..cece..e
........ce...CEc..cece..e
1
1
1
ce.....eceC...E.....c..ce
1
..........C...Ece.cece.ce
...cece.c.C...E...ce.e...
1
1
c.Ecece...c..C.....e....e
ce.....eceC...E.....c..ce
1
...cece.c.C...E...ce.e...
...cece.c.C...E...ce.e...
1
ce.....eceC...E.....c..ce
..........C...Ece.cece.ce
1
1
........ce...CEc..cece..e
1
........ce...CEc..cece..e
ce.....eceC...E.....c..ce
1
...cece.c.C...E...ce.e...
1
........ce...CEc..cece..e
c.Ecece...c..C.....e....e
1
........ce...CEc..cece..e
1
1
1
1
1
1
..........C...Ece.cece.ce
0
ce.....eceC...E.....c..ce
0
........ce...CEc..cece..e
0
1
1
0
1
........ce...CEc..cece..e
0
0
..........C...Ece.cece.ce
1
1
1
c.Ecece...c..C.....e....e
...cece.c.C...E...ce.e...
.e..ec....C..cEc..c..e..e
.e..ec....C..cEc..c..e..e
1
1
c..ce.e.c.C...E....e.e.c.
1
1
.e..ec....C..cEc..c..e..e
ce..ec...eC..cE...c.e....
ce..ec...eC..cE...c.e....
.e..ec....C..cEc..c..e..e
ce.......eC..cEce...c...e
ce.......eC..cEce...c...e
1
c..ce.e.c.C...E....e.e.c.
ce..ec...eC..cE...c.e....
1
1
1
ce.......eC..cEce...c...e
.e..ec....C..cEc..c..e..e
ce..ec...eC..cE...c.e....
c..ce.e.c.C...E....e.e.c.
ce..ec...eC..cE...c.e....
1
ce..ec...eC..cE...c.e....
ce..ec...eC..cE...c.e....
1
1
c..ce.e.c.C...E....e.e.c.
1
1
ce..ec...eC..cE...c.e....
1
ce.......eC..cEce...c...e
ce..ec...eC..cE...c.e....
1
1
1
ce.......eC..cEce...c...e
.e..ec....C..cEc..c..e..e
ce.......eC..cEce...c...e
1
c..ce.e.c.C...E....e.e.c.
1
1
ce..ec...eC..cE...c.e....
ce.......eC..cEce...c...e
.e..ec....C..cEc..c..e..e
ce..ec...eC..cE...c.e....
.e..ec....C..cEc..c..e..e
ce.......eC..cEce...c...e
1
1
1
.e..ec....C..cEc..c..e..e
1
1
c..ce.e.c.C...E....e.e.c.
1
1
1
ce..ec...eC..cE...c.e....
1
1
1
c..ce.e.c.C...E....e.e.c.
1
1
1
ce.......eC..cEce...c...e
ce.......eC..cEce...c...e
c..ce.e.c.C...E....e.e.c.
1
ce.......eC..cEce...c...e
1
1
c..ce.e.c.C...E....e.e.c.
.e..ec....C..cEc..c..e..e
1
1
ce..ec...eC..cE...c.e....
1
1
.e..ec....C..cEc..c..e..e
1
1
ce..ec...eC..cE...c.e....
ce..ec...eC..cE...c.e....
1
ce..ec...eC..cE...c.e....
1
1
c..ce.e.c.C...E....e.e.c.
1
ce..ec...eC..cE...c.e....
1
1
ce..ec...eC..cE...c.e....
1
ce..ec...eC..cE...c.e....
.e..ec....C..cEc..c..e..e
ce.......eC..cEce...c...e
ce..ec...eC..cE...c.e....
ce..ec...eC..cE...c.e....
ce..ec...eC..cE...c.e....
1
1
1
1
1
1
ce.......eC..cEce...c...e
ce..ec...eC..cE...c.e....
1
ce..ec...eC..cE...c.e....
1
1
1
1
ce.......eC..cEce...c...e
.e..ec....C..cEc..c..e..e
c..ce.e.c.C...E....e.e.c.
1
1
1
1
c.Ecece...c..C.e........e
........ce...CEc..c.ce.ee
1
ce....eeceC...E.....c..c.
.e........C...Ece.c.ce.ce
1
1
1
1
1
1
........ce...CEc..c.ce.ee
1
1
ce....eeceC...E.....c..c.
.e........C...Ece.c.ce.ce
.e........C...Ece.c.ce.ce
1
1
1
1
1
........ce...CEc..c.ce.ee
1
1
....e...ceCEc..c..ce.e...
c.Ecece...c..C.e........e
1
c.Ecece...c..C.e........e
.e........C...Ece.c.ce.ce
1
ce....eeceC...E.....c..c.
1
1
...cece.c.Ce..E...ce.....
.e........C...Ece.c.ce.ce
...cece.c.Ce..E...ce.....
1
1
1
c.Ecece...c..C.e........e
1
........ce...CEc..c.ce.ee
........ce...CEc..c.ce.ee
1
1
1
1
1
1
...cece.c.Ce..E...ce.....
c.Ecece...c..C.e........e
...cece.c.Ce..E...ce.....
1
ce....eeceC...E.....c..c.
ce....eeceC...E.....c..c.
1
c.Ecece...c..C.e........e
ce....eeceC...E.....c..c.
........ce...CEc..c.ce.ee
1
...cece.c.Ce..E...ce.....
ce....eeceC...E.....c..c.
c.Ecece...c..C.e........e
1
...cece.c.Ce..E...ce.....
........ce...CEc..c.ce.ee
........ce...CEc..c.ce.ee
1
1
1
ce....eeceC...E.....c..c.
1
.e........C...Ece.c.ce.ce
...cece.c.Ce..E...ce.....
1
1
c.Ecece...c..C.e........e
ce....eeceC...E.....c..c.
1
...cece.c.Ce..E...ce.....
...cece.c.Ce..E...ce.....
1
ce....eeceC...E.....c..c.
.e........C...Ece.c.ce.ce
1
1
........ce...CEc..c.ce.ee
1
........ce...CEc..c.ce.ee
ce....eeceC...E.....c..c.
1
...cece.c.Ce..E...ce.....
1
........ce...CEc..c.ce.ee
c.Ecece...c..C.e........e
1
........ce...CEc..c.ce.ee
1
1
1
1
1
1
.e........C...Ece.c.ce.ce
....e...ceCEc..c..ce.e...
ce....eeceC...E.....c..c.
....e...ceCEc..c..ce.e...
........ce...CEc..c.ce.ee
....e...ceCEc..c..ce.e...
1
1
....e...ceCEc..c..ce.e...
1
........ce...CEc..c.ce.ee
....e...ceCEc..c..ce.e...
....e...ceCEc..c..ce.e...
.e........C...Ece.c.ce.ce
1
1
1
c.Ecece...c..C.e........e
...cece.c.Ce..E...ce.....
.e...c....C..cEc..c.ee..e
.e...c....C..cEc..c.ee..e
1
1
c..ce.e.c.Ce..E....e...c.
1
1
.e...c....C..cEc..c.ee..e
ce..ece...C..cE...c.e....
ce..ece...C..cE...c.e....
.e...c....C..cEc..c.ee..e
ce....e..eC..cEce...c....
ce....e..eC..cEce...c....
1
c..ce.e.c.Ce..E....e...c.
ce..ece...C..cE...c.e....
1
1
1
ce....e..eC..cEce...c....
.e...c....C..cEc..c.ee..e
ce..ece...C..cE...c.e....
c..ce.e.c.Ce..E....e...c.
ce..ece...C..cE...c.e....
1
ce..ece...C..cE...c.e....
ce..ece...C..cE...c.e....
1
1
c..ce.e.c.Ce..E....e...c.
1
1
ce..ece...C..cE...c.e....
1
ce....e..eC..cEce...c....
ce..ece...C..cE...c.e....
1
1
1
ce....e..eC..cEce...c....
.e...c....C..cEc..c.ee..e
ce....e..eC..cEce...c....
1
c..ce.e.c.Ce..E....e...c.
1
1
ce..ece...C..cE...c.e....
ce....e..eC..cEce...c....
.e...c....C..cEc..c.ee..e
ce..ece...C..cE...c.e....
.e...c....C..cEc..c.ee..e
ce....e..eC..cEce...c....
1
1
1
.e...c....C..cEc..c.ee..e
1
1
c..ce.e.c.Ce..E....e...c.
1
1
1
ce..ece...C..cE...c.e....
1
1
1
c..ce.e.c.Ce..E....e...c.
1
1
1
ce....e..eC..cEce...c....
ce....e..eC..cEce...c....
c..ce.e.c.Ce..E....e...c.
1
ce....e..eC..cEce...c....
1
1
c..ce.e.c.Ce..E....e...c.
.e...c....C..cEc..c.ee..e
1
1
ce..ece...C..cE...c.e....
1
1
.e...c....C..cEc..c.ee..e
1
1
ce..ece...C..cE...c.e....
ce..ece...C..cE...c.e....
1
ce..ece...C..cE...c.e....
1
1
c..ce.e.c.Ce..E....e...c.
1
ce..ece...C..cE...c.e....
1
1
ce..ece...C..cE...c.e....
1
ce..ece...C..cE...c.e....
.e...c....C..cEc..c.ee..e
ce....e..eC..cEce...c....
ce..ece...C..cE...c.e....
ce..ece...C..cE...c.e....
ce..ece...C..cE...c.e....
1
1
1
1
1
1
ce....e..eC..cEce...c....
ce..ece...C..cE...c.e....
1
ce..ece...C..cE...c.e....
1
1
1
1
ce....e..eC..cEce...c....
.e...c....C..cEc..c.ee..e
c..ce.e.c.Ce..E....e...c.
1
1
1
1
0
0
1
0
0
1
1
1
1
1
1
0
1
1
0
0
0
1
1
1
1
1
0
1
1
e.......ceCEc..c..ce.e...
0
1
0
0
1
0
1
1
0
0
0
1
1
1
0
1
0
0
1
1
1
1
1
1
0
0
0
1
0
0
1
0
0
0
1
0
0
0
1
0
0
0
1
1
1
0
1
0
0
1
1
0
0
1
0
0
1
0
0
1
1
0
1
0
0
1
0
1
0
0
1
0
1
1
1
1
1
1
0
e.......ceCEc..c..ce.e...
0
e.......ceCEc..c..ce.e...
0
e.......ceCEc..c..ce.e...
1
1
e.......ceCEc..c..ce.e...
1
0
e.......ceCEc..c..ce.e...
e.......ceCEc..c..ce.e...
0
1
1
1
0
0
0
0
c.Ecece...c..C.e........e
........ce...CEc..c.ce.ee
0
ce....eeceC...E.....c..c.
.e........C...Ece.c.ce.ce
0
0
0
0
0
0
........ce...CEc..c.ce.ee
0
0
ce....eeceC...E.....c..c.
.e........C...Ece.c.ce.ce
.e........C...Ece.c.ce.ce
0
0
0
0
0
........ce...CEc..c.ce.ee
0
0
1
c.Ecece...c..C.e........e
0
c.Ecece...c..C.e........e
.e........C...Ece.c.ce.ce
0
ce....eeceC...E.....c..c.
0
0
...cece.c.Ce..E...ce.....
.e........C...Ece.c.ce.ce
...cece.c.Ce..E...ce.....
0
0
0
c.Ecece...c..C.e........e
0
........ce...CEc..c.ce.ee
........ce...CEc..c.ce.ee
0
0
0
0
0
0
...cece.c.Ce..E...ce.....
c.Ecece...c..C.e........e
...cece.c.Ce..E...ce.....
0
ce....eeceC...E.....c..c.
ce....eeceC...E.....c..c.
0
c.Ecece...c..C.e........e
ce....eeceC...E.....c..c.
........ce...CEc..c.ce.ee
0
...cece.c.Ce..E...ce.....
ce....eeceC...E.....c..c.
c.Ecece...c..C.e........e
0
...cece.c.Ce..E...ce.....
........ce...CEc..c.ce.ee
........ce...CEc..c.ce.ee
0
0
0
ce....eeceC...E.....c..c.
0
.e........C...Ece.c.ce.ce
...cece.c.Ce..E...ce.....
0
0
c.Ecece...c..C.e........e
ce....eeceC...E.....c..c.
0
...cece.c.Ce..E...ce.....
...cece.c.Ce..E...ce.....
0
ce....eeceC...E.....c..c.
.e........C...Ece.c.ce.ce
0
0
........ce...CEc..c.ce.ee
0
........ce...CEc..c.ce.ee
ce....eeceC...E.....c..c.
0
...cece.c.Ce..E...ce.....
0
........ce...CEc..c.ce.ee
c.Ecece...c..C.e........e
0
........ce...CEc..c.ce.ee
0
0
0
0
0
0
.e........C...Ece.c.ce.ce
1
ce....eeceC...E.....c..c.
1
........ce...CEc..c.ce.ee
1
0
0
1
0
........ce...CEc..c.ce.ee
1
1
.e........C...Ece.c.ce.ce
0
0
0
c.Ecece...c..C.e........e
...cece.c.Ce..E...ce.....
.e...c....C..cEc..c.ee..e
.e...c....C..cEc..c.ee..e
1
1
c..ce.e.c.Ce..E....e...c.
1
1
.e...c....C..cEc..c.ee..e
ce..ece...C..cE...c.e....
ce..ece...C..cE...c.e....
.e...c....C..cEc..c.ee..e
ce....e..eC..cEce...c....
ce....e..eC..cEce...c....
1
c..ce.e.c.Ce..E....e...c.
ce..ece...C..cE...c.e....
1
1
1
ce....e..eC..cEce...c....
.e...c....C..cEc..c.ee..e
ce..ece...C..cE...c.e....
c..ce.e.c.Ce..E....e...c.
ce..ece...C..cE...c.e....
1
ce..ece...C..cE...c.e....
ce..ece...C..cE...c.e....
0
1
c..ce.e.c.Ce..E....e...c.
1
1
ce..ece...C..cE...c.e....
1
ce....e..eC..cEce...c....
ce..ece...C..cE...c.e....
1
1
1
ce....e..eC..cEce...c....
.e...c....C..cEc..c.ee..e
ce....e..eC..cEce...c....
1
c..ce.e.c.Ce..E....e...c.
1
1
ce..ece...C..cE...c.e....
ce....e..eC..cEce...c....
.e...c....C..cEc..c.ee..e
ce..ece...C..cE...c.e....
.e...c....C..cEc..c.ee..e
ce....e..eC..cEce...c....
1
1
1
.e...c....C..cEc..c.ee..e
1
1
c..ce.e.c.Ce..E....e...c.
1
1
1
ce..ece...C..cE...c.e....
1
1
1
c..ce.e.c.Ce..E....e...c.
1
1
1
ce....e..eC..cEce...c....
ce....e..eC..cEce...c....
c..ce.e.c.Ce..E....e...c.
1
ce....e..eC..cEce...c....
1
1
c..ce.e.c.Ce..E....e...c.
.e...c....C..cEc..c.ee..e
1
1
ce..ece...C..cE...c.e....
1
1
.e...c....C..cEc..c.ee..e
1
1
ce..ece...C..cE...c.e....
ce..ece...C..cE...c.e....
1
ce..ece...C..cE...c.e....
1
1
c..ce.e.c.Ce..E....e...c.
1
ce..ece...C..cE...c.e....
1
1
ce..ece...C..cE...c.e....
1
ce..ece...C..cE...c.e....
.e...c....C..cEc..c.ee..e
ce....e..eC..cEce...c....
ce..ece...C..cE...c.e....
ce..ece...C..cE...c.e....
ce..ece...C..cE...c.e....
1
0
1
0
1
0
ce....e..eC..cEce...c....
ce..ece...C..cE...c.e....
0
ce..ece...C..cE...c.e....
1
0
0
1
ce....e..eC..cEce...c....
.e...c....C..cEc..c.ee..e
c..ce.e.c.Ce..E....e...c.
1
1
1
1
c.E.ece...cc.C.e........e
........ceC...Ec..c.ce.ee
1
ce....eeceC..cE.....c....
.e.c......C...E.e.c.ce.ce
1
1
1
1
1
1
........ceC...Ec..c.ce.ee
1
1
ce....eeceC..cE.....c....
.e.c......C...E.e.c.ce.ce
.e.c......C...E.e.c.ce.ce
1
1
1
1
1
........ceC...Ec..c.ce.ee
1
1
e.......ceCEc..c..ce.e...
c.E.ece...cc.C.e........e
1
c.E.ece...cc.C.e........e
.e.c......C...E.e.c.ce.ce
1
ce....eeceC..cE.....c....
1
1
...cece.c..e..E...ce..C..
.e.c......C...E.e.c.ce.ce
...cece.c..e..E...ce..C..
1
1
1
c.E.ece...cc.C.e........e
1
........ceC...Ec..c.ce.ee
........ceC...Ec..c.ce.ee
1
1
1
1
1
1
...cece.c..e..E...ce..C..
c.E.ece...cc.C.e........e
...cece.c..e..E...ce..C..
1
ce....eeceC..cE.....c....
ce....eeceC..cE.....c....
1
c.E.ece...cc.C.e........e
ce....eeceC..cE.....c....
........ceC...Ec..c.ce.ee
1
...cece.c..e..E...ce..C..
ce....eeceC..cE.....c....
c.E.ece...cc.C.e........e
1
...cece.c..e..E...ce..C..
........ceC...Ec..c.ce.ee
........ceC...Ec..c.ce.ee
1
1
1
ce....eeceC..cE.....c....
1
.e.c......C...E.e.c.ce.ce
...cece.c..e..E...ce..C..
1
1
c.E.ece...cc.C.e........e
ce....eeceC..cE.....c....
1
...cece.c..e..E...ce..C..
...cece.c..e..E...ce..C..
1
ce....eeceC..cE.....c....
.e.c......C...E.e.c.ce.ce
1
1
........ceC...Ec..c.ce.ee
1
........ceC...Ec..c.ce.ee
ce....eeceC..cE.....c....
1
...cece.c..e..E...ce..C..
1
........ceC...Ec..c.ce.ee
c.E.ece...cc.C.e........e
1
........ceC...Ec..c.ce.ee
1
1
1
1
1
1
.e.c......C...E.e.c.ce.ce
e.......ceCEc..c..ce.e...
ce....eeceC..cE.....c....
e.......ceCEc..c..ce.e...
........ceC...Ec..c.ce.ee
e.......ceCEc..c..ce.e...
1
1
e.......ceCEc..c..ce.e...
1
........ceC...Ec..c.ce.ee
e.......ceCEc..c..ce.e...
e.......ceCEc..c..ce.e...
.e.c......C...E.e.c.ce.ce
1
1
1
c.E.ece...cc.C.e........e
...cece.c..e..E...ce..C..
.e...c......CcEc..c.ee..e
.e...c......CcEc..c.ee..e
0
0
..cce.e.c.Ce..E....e...c.
0
0
.e...c......CcEc..c.ee..e
ce..ece.....CcE...c.e....
ce..ece.....CcE...c.e....
.e...c......CcEc..c.ee..e
ce....e..e..CcEce...c....
ce....e..e..CcEce...c....
0
..cce.e.c.Ce..E....e...c.
ce..ece.....CcE...c.e....
0
0
0
ce....e..e..CcEce...c....
.e...c......CcEc..c.ee..e
ce..ece.....CcE...c.e....
..cce.e.c.Ce..E....e...c.
ce..ece.....CcE...c.e....
0
ce..ece.....CcE...c.e....
ce..ece.....CcE...c.e....
1
0
..cce.e.c.Ce..E....e...c.
0
0
ce..ece.....CcE...c.e....
0
ce....e..e..CcEce...c....
ce..ece.....CcE...c.e....
0
0
0
ce....e..e..CcEce...c....
.e...c......CcEc..c.ee..e
ce....e..e..CcEce...c....
0
..cce.e.c.Ce..E....e...c.
0
0
ce..ece.....CcE...c.e....
ce....e..e..CcEce...c....
.e...c......CcEc..c.ee..e
ce..ece.....CcE...c.e....
.e...c......CcEc..c.ee..e
ce....e..e..CcEce...c....
0
0
0
.e...c......CcEc..c.ee..e
0
0
..cce.e.c.Ce..E....e...c.
0
0
0
ce..ece.....CcE...c.e....
0
0
0
..cce.e.c.Ce..E....e...c.
0
0
0
ce....e..e..CcEce...c....
ce....e..e..CcEce...c....
..cce.e.c.Ce..E....e...c.
0
ce....e..e..CcEce...c....
0
0
..cce.e.c.Ce..E....e...c.
.e...c......CcEc..c.ee..e
0
0
ce..ece.....CcE...c.e....
0
0
.e...c......CcEc..c.ee..e
0
0
ce..ece.....CcE...c.e....
ce..ece.....CcE...c.e....
0
ce..ece.....CcE...c.e....
0
0
..cce.e.c.Ce..E....e...c.
0
ce..ece.....CcE...c.e....
0
0
ce..ece.....CcE...c.e....
0
ce..ece.....CcE...c.e....
.e...c......CcEc..c.ee..e
ce....e..e..CcEce...c....
ce..ece.....CcE...c.e....
ce..ece.....CcE...c.e....
ce..ece.....CcE...c.e....
0
1
0
1
0
1
ce....e..e..CcEce...c....
ce..ece.....CcE...c.e....
1
ce..ece.....CcE...c.e....
0
1
1
0
ce....e..e..CcEce...c....
.e...c......CcEc..c.ee..e
..cce.e.c.Ce..E....e...c.
0
0
2
2
1
1
0
1
1
2
2
2
2
2
2
1
0
2
1
1
1
2
2
2
0
2
1
2
2
e.......ceCE...c..cece...
1
0
1
1
2
1
2
2
1
1
1
2
2
2
1
0
1
1
2
2
2
2
2
2
1
1
1
2
1
1
0
1
1
1
2
1
1
1
0
1
1
1
2
2
0
1
2
1
1
0
2
1
1
2
1
1
2
1
1
2
2
1
2
1
1
0
1
2
1
1
2
1
2
2
2
2
2
2
1
e.......ceCE...c..cece...
1
e.......ceCE...c..cece...
1
e.......ceCE...c..cece...
2
2
e.......ceCE...c..cece...
2
1
e.......ceCE...c..cece...
e.......ceCE...c..cece...
1
2
2
0
1
1
3
3
c.E.ece...cc.C.e........e
........ceC...Ec..c.ce.ee
1
ce....eeceC..cE.....c....
.e.c......C...E.e.c.ce.ce
3
3
3
3
3
3
........ceC...Ec..c.ce.ee
1
3
ce....eeceC..cE.....c....
.e.c......C...E.e.c.ce.ce
.e.c......C...E.e.c.ce.ce
3
3
3
1
3
........ceC...Ec..c.ce.ee
3
3
0
c.E.ece...cc.C.e........e
1
c.E.ece...cc.C.e........e
.e.c......C...E.e.c.ce.ce
3
ce....eeceC..cE.....c....
3
3
...cece.c..e..E...ce..C..
.e.c......C...E.e.c.ce.ce
...cece.c..e..E...ce..C..
3
3
3
c.E.ece...cc.C.e........e
1
........ceC...Ec..c.ce.ee
........ceC...Ec..c.ce.ee
3
3
3
3
3
3
...cece.c..e..E...ce..C..
c.E.ece...cc.C.e........e
...cece.c..e..E...ce..C..
3
ce....eeceC..cE.....c....
ce....eeceC..cE.....c....
1
c.E.ece...cc.C.e........e
ce....eeceC..cE.....c....
........ceC...Ec..c.ce.ee
3
...cece.c..e..E...ce..C..
ce....eeceC..cE.....c....
c.E.ece...cc.C.e........e
1
...cece.c..e..E...ce..C..
........ceC...Ec..c.ce.ee
........ceC...Ec..c.ce.ee
3
3
1
ce....eeceC..cE.....c....
3
.e.c......C...E.e.c.ce.ce
...cece.c..e..E...ce..C..
1
3
c.E.ece...cc.C.e........e
ce....eeceC..cE.....c....
3
...cece.c..e..E...ce..C..
...cece.c..e..E...ce..C..
3
ce....eeceC..cE.....c....
.e.c......C...E.e.c.ce.ce
3
3
........ceC...Ec..c.ce.ee
3
........ceC...Ec..c.ce.ee
ce....eeceC..cE.....c....
1
...cece.c..e..E...ce..C..
3
........ceC...Ec..c.ce.ee
c.E.ece...cc.C.e........e
3
........ceC...Ec..c.ce.ee
3
3
3
3
3
3
.e.c......C...E.e.c.ce.ce
0
ce....eeceC..cE.....c....
0
........ceC...Ec..c.ce.ee
0
3
3
0
3
........ceC...Ec..c.ce.ee
0
0
.e.c......C...E.e.c.ce.ce
3
3
1
c.E.ece...cc.C.e........e
...cece.c..e..E...ce..C..
0
0
1
1
..cce.e.c.Ce..E....e...c.
1
-4
0
0
0
0
0
0
1
..cce.e.c.Ce..E....e...c.
0
1
-4
-4
0
0
0
..cce.e.c.Ce..E....e...c.
0
1
0
0
1
1
..cce.e.c.Ce..E....e...c.
1
-4
0
1
0
0
1
-4
1
0
0
0
1
..cce.e.c.Ce..E....e...c.
1
1
0
0
0
0
0
0
1
1
1
0
1
1
..cce.e.c.Ce..E....e...c.
1
1
1
0
1
1
1
..cce.e.c.Ce..E....e...c.
1
1
1
0
0
..cce.e.c.Ce..E....e...c.
1
0
-4
1
..cce.e.c.Ce..E....e...c.
0
1
1
0
1
1
0
1
-4
0
0
1
0
1
1
..cce.e.c.Ce..E....e...c.
1
0
1
1
0
1
0
0
0
0
0
0
-4
1
1
1
1
1
0
0
1
0
1
1
1
-4
0
0
..cce.e.c.Ce..E....e...c.
1
1
0
0
c.E.ec....cc.C.e..e.....e
...e....c.C...Ec..c.ce.ee
1
ce....eeceC..c......c.E..
1
0
0
0
0
0
0
...e....c.C...Ec..c.ce.ee
1
0
ce....eeceC..c......c.E..
1
1
0
0
0
1
0
...e....c.C...Ec..c.ce.ee
0
0
e.......ceCE...c..cece...
c.E.ec....cc.C.e..e.....e
1
c.E.ec....cc.C.e..e.....e
1
0
ce....eeceC..c......c.E..
0
0
...cece.c..eE.....ce..C..
1
...cece.c..eE.....ce..C..
0
0
0
c.E.ec....cc.C.e..e.....e
1
...e....c.C...Ec..c.ce.ee
...e....c.C...Ec..c.ce.ee
0
0
0
0
0
0
...cece.c..eE.....ce..C..
c.E.ec....cc.C.e..e.....e
...cece.c..eE.....ce..C..
0
ce....eeceC..c......c.E..
ce....eeceC..c......c.E..
1
c.E.ec....cc.C.e..e.....e
ce....eeceC..c......c.E..
...e....c.C...Ec..c.ce.ee
0
...cece.c..eE.....ce..C..
ce....eeceC..c......c.E..
c.E.ec....cc.C.e..e.....e
1
...cece.c..eE.....ce..C..
...e....c.C...Ec..c.ce.ee
...e....c.C...Ec..c.ce.ee
0
0
1
ce....eeceC..c......c.E..
0
1
...cece.c..eE.....ce..C..
1
0
c.E.ec....cc.C.e..e.....e
ce....eeceC..c......c.E..
0
...cece.c..eE.....ce..C..
...cece.c..eE.....ce..C..
0
ce....eeceC..c......c.E..
1
0
0
...e....c.C...Ec..c.ce.ee
0
...e....c.C...Ec..c.ce.ee
ce....eeceC..c......c.E..
1
...cece.c..eE.....ce..C..
0
...e....c.C...Ec..c.ce.ee
c.E.ec....cc.C.e..e.....e
0
...e....c.C...Ec..c.ce.ee
0
0
0
0
0
0
1
e.......ceCE...c..cece...
ce....eeceC..c......c.E..
e.......ceCE...c..cece...
...e....c.C...Ec..c.ce.ee
e.......ceCE...c..cece...
0
0
e.......ceCE...c..cece...
0
...e....c.C...Ec..c.ce.ee
e.......ceCE...c..cece...
e.......ceCE...c..cece...
1
0
0
1
c.E.ec....cc.C.e..e.....e
...cece.c..eE.....ce..C..
1
1
..cce.e.c.CeE......e...c.
1
...c......Ce..E.e.c.ce.ce
1
..cce.e.c.CeE......e...c.
1
...c......Ce..E.e.c.ce.ce
...c......Ce..E.e.c.ce.ce
..cce.e.c.CeE......e...c.
1
1
1
..cce.e.c.CeE......e...c.
1
...c......Ce..E.e.c.ce.ce
1
3
...c......Ce..E.e.c.ce.ce
3
1
..cce.e.c.CeE......e...c.
1
1
3
1
3
1
1
..cce.e.c.CeE......e...c.
1
1
1
3
1
1
..cce.e.c.CeE......e...c.
3
1
1
..cce.e.c.CeE......e...c.
1
...c......Ce..E.e.c.ce.ce
3
..cce.e.c.CeE......e...c.
1
1
3
3
1
...c......Ce..E.e.c.ce.ce
1
1
1
..cce.e.c.CeE......e...c.
3
1
1
1
...c......Ce..E.e.c.ce.ce
1
1
1
1
1
1
1
1
1
...c......Ce..E.e.c.ce.ce
..cce.e.c.CeE......e...c.
1
3
0
0
3
0
1
0
3
0
1
1
3
0
e.......ceCE.e.c..cec....
0
3
0
1
0
2
1
2
0
3
0
0
2
0
2
0
0
3
0
0
0
2
0
0
3
2
0
0
3
0
1
2
3
0
0
2
2
0
1
0
0
0
3
2
0
0
0
1
e.......ceCE.e.c..cec....
0
e.......ceCE.e.c..cec....
0
e.......ceCE.e.c..cec....
e.......ceCE.e.c..cec....
0
e.......ceCE.e.c..cec....
e.......ceCE.e.c..cec....
1
3
0
2
c.E.ec....cc.C.e..e.....e
...e....c.C...Ec..c.ce.ee
2
ce....eeceC..c......c.E..
0
...e....c.C...Ec..c.ce.ee
2
ce....eeceC..c......c.E..
0
0
2
...e....c.C...Ec..c.ce.ee
1
c.E.ec....cc.C.e..e.....e
2
c.E.ec....cc.C.e..e.....e
0
ce....eeceC..c......c.E..
0
0
0
c.E.ec....cc.C.e..e.....e
2
...e....c.C...Ec..c.ce.ee
...e....c.C...Ec..c.ce.ee
0
c.E.ec....cc.C.e..e.....e
0
ce....eeceC..c......c.E..
ce....eeceC..c......c.E..
2
c.E.ec....cc.C.e..e.....e
ce....eeceC..c......c.E..
...e....c.C...Ec..c.ce.ee
0
ce....eeceC..c......c.E..
c.E.ec....cc.C.e..e.....e
2
0
...e....c.C...Ec..c.ce.ee
...e....c.C...Ec..c.ce.ee
2
ce....eeceC..c......c.E..
0
0
2
c.E.ec....cc.C.e..e.....e
ce....eeceC..c......c.E..
0
0
ce....eeceC..c......c.E..
0
...e....c.C...Ec..c.ce.ee
...e....c.C...Ec..c.ce.ee
ce....eeceC..c......c.E..
2
0
...e....c.C...Ec..c.ce.ee
c.E.ec....cc.C.e..e.....e
...e....c.C...Ec..c.ce.ee
0
1
ce....eeceC..c......c.E..
1
...e....c.C...Ec..c.ce.ee
1
1
...e....c.C...Ec..c.ce.ee
1
1
0
2
c.E.ec....cc.C.e..e.....e
0
1
1
0
1
...c......Ce..E.e.c.ce.ce
1
0
1
...c......Ce..E.e.c.ce.ce
...c......Ce..E.e.c.ce.ce
0
1
0
1
0
1
...c......Ce..E.e.c.ce.ce
1
0
...c......Ce..E.e.c.ce.ce
0
1
0
1
1
0
1
0
1
1
0
1
1
1
0
1
1
0
0
1
1
0
1
...c......Ce..E.e.c.ce.ce
0
0
1
1
0
0
1
...c......Ce..E.e.c.ce.ce
1
1
1
0
0
1
1
1
...c......Ce..E.e.c.ce.ce
0
1
0
1
0
0
1
0
0
...c......Ce..E.e.c.ce.ce
0
1
0
c.E.ec....ccC..e..e.....e
...e......C..cEc..c.ce.ee
0
ce....eece..Cc......c.E..
1
...e......C..cEc..c.ce.ee
0
ce....eece..Cc......c.E..
1
1
0
...e......C..cEc..c.ce.ee
e.......ceCE.e.c..cec....
c.E.ec....ccC..e..e.....e
0
c.E.ec....ccC..e..e.....e
1
ce....eece..Cc......c.E..
1
c.E.ec....ccC..e..e.....e
0
...e......C..cEc..c.ce.ee
...e......C..cEc..c.ce.ee
c.E.ec....ccC..e..e.....e
ce....eece..Cc......c.E..
ce....eece..Cc......c.E..
0
c.E.ec....ccC..e..e.....e
ce....eece..Cc......c.E..
...e......C..cEc..c.ce.ee
ce....eece..Cc......c.E..
c.E.ec....ccC..e..e.....e
0
...e......C..cEc..c.ce.ee
...e......C..cEc..c.ce.ee
0
ce....eece..Cc......c.E..
1
0
c.E.ec....ccC..e..e.....e
ce....eece..Cc......c.E..
ce....eece..Cc......c.E..
1
...e......C..cEc..c.ce.ee
...e......C..cEc..c.ce.ee
ce....eece..Cc......c.E..
0
...e......C..cEc..c.ce.ee
c.E.ec....ccC..e..e.....e
...e......C..cEc..c.ce.ee
1
e.......ceCE.e.c..cec....
ce....eece..Cc......c.E..
e.......ceCE.e.c..cec....
...e......C..cEc..c.ce.ee
e.......ceCE.e.c..cec....
e.......ceCE.e.c..cec....
...e......C..cEc..c.ce.ee
e.......ceCE.e.c..cec....
e.......ceCE.e.c..cec....
1
0
c.E.ec....ccC..e..e.....e
2
0
2
...c....c.Ce..E.e...ce.ce
0
2
...c....c.Ce..E.e...ce.ce
...c....c.Ce..E.e...ce.ce
0
1
2
2
...c....c.Ce..E.e...ce.ce
2
...c....c.Ce..E.e...ce.ce
2
0
0
2
2
2
2
2
0
2
2
0
0
2
...c....c.Ce..E.e...ce.ce
2
2
2
...c....c.Ce..E.e...ce.ce
0
0
2
0
2
0
...c....c.Ce..E.e...ce.ce
1
2
1
0
1
1
0
1
1
...c....c.Ce..E.e...ce.ce
2
3
1
3
0
1
3
0
0
1
e.......ceCE.e...ccec....
3
3
0
3
0
3
1
1
3
3
3
3
3
1
3
3
1
1
3
0
3
3
3
0
1
1
3
1
3
1
0
e.......ceCE.e...ccec....
3
e.......ceCE.e...ccec....
1
e.......ceCE.e...ccec....
e.......ceCE.e...ccec....
1
e.......ceCE.e...ccec....
e.......ceCE.e...ccec....
0
3
0
...e......C..cEc..c.ce.ee
0
1
...e......C..cEc..c.ce.ee
0
1
1
...e......C..cEc..c.ce.ee
0
0
0
1
0
1
0
...e......C..cEc..c.ce.ee
...e......C..cEc..c.ce.ee
0
0
0
0
0
...e......C..cEc..c.ce.ee
0
0
...e......C..cEc..c.ce.ee
...e......C..cEc..c.ce.ee
0
1
0
0
0
1
...e......C..cEc..c.ce.ee
...e......C..cEc..c.ce.ee
0
...e......C..cEc..c.ce.ee
0
...e......C..cEc..c.ce.ee
1
0
0
0
...e......C..cEc..c.ce.ee
0
0
...e......C..cEc..c.ce.ee
0
0
1
0
0
1
0
...c....c.Ce..E.e...ce.ce
1
0
...c....c.Ce..E.e...ce.ce
...c....c.Ce..E.e...ce.ce
1
1
0
0
...c....c.Ce..E.e...ce.ce
0
...c....c.Ce..E.e...ce.ce
0
1
1
0
0
0
0
0
1
0
0
1
1
0
...c....c.Ce..E.e...ce.ce
0
0
0
...c....c.Ce..E.e...ce.ce
1
1
0
1
0
1
...c....c.Ce..E.e...ce.ce
1
0
1
1
1
1
1
1
1
...c....c.Ce..E.e...ce.ce
0
..........Ce.cEc..c.ce.ee
1
..........Ce.cEc..c.ce.ee
1
1
..........Ce.cEc..c.ce.ee
e.......ceCE.e...ccec....
1
1
..........Ce.cEc..c.ce.ee
..........Ce.cEc..c.ce.ee
..........Ce.cEc..c.ce.ee
..........Ce.cEc..c.ce.ee
..........Ce.cEc..c.ce.ee
1
1
..........Ce.cEc..c.ce.ee
..........Ce.cEc..c.ce.ee
..........Ce.cEc..c.ce.ee
..........Ce.cEc..c.ce.ee
1
e.......ceCE.e...ccec....
e.......ceCE.e...ccec....
..........Ce.cEc..c.ce.ee
e.......ceCE.e...ccec....
e.......ceCE.e...ccec....
..........Ce.cEc..c.ce.ee
e.......ceCE.e...ccec....
e.......ceCE.e...ccec....
1
1
...c....c.CeE...e...ce.ce
1
...c....c.CeE...e...ce.ce
...c....c.CeE...e...ce.ce
1
1
...c....c.CeE...e...ce.ce
...c....c.CeE...e...ce.ce
1
1
1
1
1
...c....c.CeE...e...ce.ce
...c....c.CeE...e...ce.ce
1
1
1
1
...c....c.CeE...e...ce.ce
1
1
1
1
1
1
1
1
...c....c.CeE...e...ce.ce
0
3
0
3
3
0
e.......ceC.Ee...ccec....
3
3
0
0
0
0
0
3
3
0
0
0
0
3
e.......ceC.Ee...ccec....
e.......ceC.Ee...ccec....
0
e.......ceC.Ee...ccec....
e.......ceC.Ee...ccec....
0
e.......ceC.Ee...ccec....
e.......ceC.Ee...ccec....
3
..........Ce.cEc..c.ce.ee
2
..........Ce.cEc..c.ce.ee
2
2
..........Ce.cEc..c.ce.ee
3
2
2
..........Ce.cEc..c.ce.ee
..........Ce.cEc..c.ce.ee
..........Ce.cEc..c.ce.ee
..........Ce.cEc..c.ce.ee
..........Ce.cEc..c.ce.ee
2
2
..........Ce.cEc..c.ce.ee
..........Ce.cEc..c.ce.ee
..........Ce.cEc..c.ce.ee
..........Ce.cEc..c.ce.ee
2
3
3
..........Ce.cEc..c.ce.ee
3
3
..........Ce.cEc..c.ce.ee
3
3
2
0
0
0
0
0
0
2
0
0
0
0
0
0
0
0
0
0
0
0
0
0
2
2
0
2
2
0
2
2
0
1
0
1
0
0
1
0
0
0
1
1
1
1
1
0
0
1
1
1
1
0
0
0
1
0
0
1
0
0
0
c.........Ce.cEc....ce.ee
c.........Ce.cEc....ce.ee
c.........Ce.cEc....ce.ee
0
c.........Ce.cEc....ce.ee
c.........Ce.cEc....ce.ee
c.........Ce.cEc....ce.ee
c.........Ce.cEc....ce.ee
c.........Ce.cEc....ce.ee
c.........Ce.cEc....ce.ee
c.........Ce.cEc....ce.ee
c.........Ce.cEc....ce.ee
c.........Ce.cEc....ce.ee
0
0
c.........Ce.cEc....ce.ee
0
0
c.........Ce.cEc....ce.ee
0
0
0
0
0
0
0
0
0
0
0
0
0
0
0
0
1
1
1
1
1
1
1
1
1
1
1
1
1
1
c.........Ce.cEc....ce.ee
c.........Ce.cEc....ce.ee
c.........Ce.cEc....ce.ee
c.........Ce.cEc....ce.ee
c.........Ce.cEc....ce.ee
c.........Ce.cEc....ce.ee
c.........Ce.cEc....ce.ee
c.........Ce.cEc....ce.ee
c.........Ce.cEc....ce.ee
c.........Ce.cEc....ce.ee
c.........Ce.cEc....ce.ee
c.........Ce.cEc....ce.ee
c.........Ce.cEc....ce.ee
c.........Ce.cEc....ce.ee
1
1
1
1
1
1
1
1
1
1
1
1
1
1
c.........C..cEc.e..ce.ee
c.........C..cEc.e..ce.ee
c.........C..cEc.e..ce.ee
c.........C..cEc.e..ce.ee
c.........C..cEc.e..ce.ee
c.........C..cEc.e..ce.ee
c.........C..cEc.e..ce.ee
c.........C..cEc.e..ce.ee
c.........C..cEc.e..ce.ee
c.........C..cEc.e..ce.ee
c.........C..cEc.e..ce.ee
c.........C..cEc.e..ce.ee
c.........C..cEc.e..ce.ee
c.........C..cEc.e..ce.ee
1
1
1
1
1
1
1
1
1
1
1
1
1
1
0
0
0
0
0
0
0
0
0
0
0
0
0
0
c.........C..cEc.e..ce.ee
c.........C..cEc.e..ce.ee
c.........C..cEc.e..ce.ee
c.........C..cEc.e..ce.ee
c.........C..cEc.e..ce.ee
c.........C..cEc.e..ce.ee
c.........C..cEc.e..ce.ee
c.........C..cEc.e..ce.ee
c.........C..cEc.e..ce.ee
c.........C..cEc.e..ce.ee
c.........C..cEc.e..ce.ee
c.........C..cEc.e..ce.ee
c.........C..cEc.e..ce.ee
c.........C..cEc.e..ce.ee
1
1
1
1
1
1
1
1
1
1
1
1
1
1
c...........CcEc.e..ce.ee
c...........CcEc.e..ce.ee
c...........CcEc.e..ce.ee
c...........CcEc.e..ce.ee
c...........CcEc.e..ce.ee
c...........CcEc.e..ce.ee
c...........CcEc.e..ce.ee
c...........CcEc.e..ce.ee
c...........CcEc.e..ce.ee
c...........CcEc.e..ce.ee
c...........CcEc.e..ce.ee
c...........CcEc.e..ce.ee
c...........CcEc.e..ce.ee
c...........CcEc.e..ce.ee
2
2
2
2
2
2
2
2
2
2
2
2
2
2
3
3
3
3
3
3
3
3
3
3
3
3
3
3
0
0
0
0
0
0
0
0
0
0
0
0
0
0
0
0
0
0
0
0
0
0
0
0
0
0
0
0
